     1                                 %line 1+1 first_example.asm
     2                                 [section .data]
     3                                 
     4                                 EXIT_STATUS equ 0
     5                                 SYS_exit equ 60
     6                                 
     7                                 
     8                                 
     9 00000000 11                     bVar1 db 17
    10 00000001 09                     bVar2 db 9
    11 00000002 00                     bResult db 0
    12                                 
    13 00000003 6842                   wVar1 dw 17000
    14 00000005 2823                   wVar2 dw 9000
    15 00000007 0000                   wResult dw 0
    16                                 
    17 00000009 40660301               dVar1 dd 17000000
    18 0000000D 40548900               dVar2 dd 9000000
    19 00000011 00000000               dResult dd 0
    20                                 
    21 00000015 80FE210A00000000       qVar1 dq 170000000
    22 0000001D 804A5D0500000000       qVar2 dq 90000000
    23 00000025 0000000000000000       qResult dq 0
    24                                 
    25                                 [section .text]
    26                                 [global _start]
    27                                 _start:
    28                                 
    29 00000000 8A0425[00000000]        mov al, byte [bVar1]
    30 00000007 020425[00000000]        add al, byte [bVar2]
    31 0000000E 880425[00000000]        mov byte [bResult], al
    32                                 
    33 00000015 668B0425[00000000]      mov ax, word [wVar1]
    34 0000001D 66030425[00000000]      add ax, word [wVar2]
    35 00000025 66890425[00000000]      mov word [wResult], ax
    36                                 
    37                                 
    38 0000002D 8B0425[00000000]        mov eax, dword [dVar1]
    39 00000034 030425[00000000]        add eax, dword [dVar2]
    40 0000003B 890425[00000000]        mov dword [dResult], eax
    41                                 
    42 00000042 488B0425[00000000]      mov rax, qword [qVar1]
    43 0000004A 48030425[00000000]      add rax, qword [qVar2]
    44 00000052 48890425[00000000]      mov qword [qResult], rax
    45                                 
    46                                 last:
    47 0000005A 48C7C03C000000          mov rax, SYS_exit
    48 00000061 48C7C700000000          mov rdi, EXIT_STATUS
    49 00000068 0F05                    syscall
    50                                 
    51                                 
