Log file open, 01/22/22 21:57:16
LogWindows: Failed to load 'aqProf.dll' (GetLastError=126)
LogWindows: File 'aqProf.dll' does not exist
LogWindows: Failed to load 'VtuneApi.dll' (GetLastError=126)
LogWindows: File 'VtuneApi.dll' does not exist
LogWindows: Failed to load 'VtuneApi32e.dll' (GetLastError=126)
LogWindows: File 'VtuneApi32e.dll' does not exist
LogConsoleResponse: Display: Failed to find resolution value strings in scalability ini. Falling back to default.
LogConsoleResponse: Display: Failed to find resolution value strings in scalability ini. Falling back to default.
LogInit: Display: Running engine for game: LearnUE4
LogPlatformFile: Not using cached read wrapper
LogTaskGraph: Started task graph with 5 named threads and 47 total threads with 3 sets of task threads.
LogStats: Stats thread started at 0.378586
LogICUInternationalization: ICU TimeZone Detection - Raw Offset: +9:00, Platform Override: ''
LogInit: Display: Loading text-based GConfig....
LogPluginManager: Mounting plugin MeshPainting
LogPluginManager: Mounting plugin XGEController
LogPluginManager: Mounting plugin Paper2D
LogPluginManager: Mounting plugin AISupport
LogPluginManager: Mounting plugin EnvironmentQueryEditor
LogPluginManager: Mounting plugin LightPropagationVolume
LogPluginManager: Mounting plugin LiveLink
LogPluginManager: Mounting plugin CameraShakePreviewer
LogPluginManager: Mounting plugin OodleData
LogPluginManager: Mounting plugin OodleNetwork
LogPluginManager: Mounting plugin GameplayCameras
LogPluginManager: Mounting plugin AnimationSharing
LogPluginManager: Mounting plugin CLionSourceCodeAccess
LogPluginManager: Mounting plugin CodeLiteSourceCodeAccess
LogPluginManager: Mounting plugin GitSourceControl
LogPluginManager: Mounting plugin KDevelopSourceCodeAccess
LogPluginManager: Mounting plugin AssetManagerEditor
LogPluginManager: Mounting plugin NullSourceCodeAccess
LogPluginManager: Mounting plugin PerforceSourceControl
LogPluginManager: Mounting plugin PixWinPlugin
LogPluginManager: Mounting plugin PlasticSourceControl
LogPluginManager: Mounting plugin CurveEditorTools
LogPluginManager: Mounting plugin CryptoKeys
LogPluginManager: Mounting plugin PropertyAccessNode
LogPluginManager: Mounting plugin PluginUtils
LogPluginManager: Mounting plugin DataValidation
LogPluginManager: Mounting plugin FacialAnimation
LogPluginManager: Mounting plugin RiderSourceCodeAccess
LogPluginManager: Mounting plugin GameplayTagsEditor
LogPluginManager: Mounting plugin GeometryMode
LogPluginManager: Mounting plugin MacGraphicsSwitching
LogPluginManager: Mounting plugin MaterialAnalyzer
LogPluginManager: Mounting plugin MobileLauncherProfileWizard
LogPluginManager: Mounting plugin PluginBrowser
LogPluginManager: Mounting plugin SubversionSourceControl
LogPluginManager: Mounting plugin TextureFormatOodle
LogPluginManager: Mounting plugin SpeedTreeImporter
LogPluginManager: Mounting plugin UObjectPlugin
LogPluginManager: Mounting plugin DatasmithContent
LogPluginManager: Mounting plugin VariantManagerContent
LogPluginManager: Mounting plugin VisualStudioCodeSourceCodeAccess
LogPluginManager: Mounting plugin VisualStudioSourceCodeAccess
LogPluginManager: Mounting plugin XCodeSourceCodeAccess
LogPluginManager: Mounting plugin Niagara
LogPluginManager: Mounting plugin AlembicImporter
LogPluginManager: Mounting plugin AutomationUtils
LogPluginManager: Mounting plugin BackChannel
LogPluginManager: Mounting plugin ChaosCloth
LogPluginManager: Mounting plugin ChaosClothEditor
LogPluginManager: Mounting plugin ChaosEditor
LogPluginManager: Mounting plugin ChaosNiagara
LogPluginManager: Mounting plugin ChaosSolverPlugin
LogPluginManager: Mounting plugin CharacterAI
LogPluginManager: Mounting plugin GeometryCache
LogPluginManager: Mounting plugin GeometryCollectionPlugin
LogPluginManager: Mounting plugin GeometryProcessing
LogPluginManager: Mounting plugin MotoSynth
LogPluginManager: Mounting plugin OpenImageDenoise
LogPluginManager: Mounting plugin PlatformCrypto
LogPluginManager: Mounting plugin ProxyLODPlugin
LogPluginManager: Mounting plugin PlanarCut
LogPluginManager: Mounting plugin PythonScriptPlugin
LogPluginManager: Mounting plugin SkeletalReduction
LogPluginManager: Mounting plugin LuminPlatformFeatures
LogPluginManager: Mounting plugin MagicLeap
LogPluginManager: Mounting plugin MagicLeapLightEstimation
LogPluginManager: Mounting plugin MagicLeapMedia
LogPluginManager: Mounting plugin MagicLeapPassableWorld
LogPluginManager: Mounting plugin MLSDK
LogPluginManager: Mounting plugin AndroidMedia
LogPluginManager: Mounting plugin AvfMedia
LogPluginManager: Mounting plugin ImgMedia
LogPluginManager: Mounting plugin MediaCompositing
LogPluginManager: Mounting plugin MediaPlayerEditor
LogPluginManager: Mounting plugin WebMMedia
LogPluginManager: Mounting plugin WmfMedia
LogPluginManager: Mounting plugin TcpMessaging
LogPluginManager: Mounting plugin UdpMessaging
LogPluginManager: Mounting plugin ActorSequence
LogPluginManager: Mounting plugin LevelSequenceEditor
LogPluginManager: Mounting plugin MatineeToLevelSequence
LogPluginManager: Mounting plugin TemplateSequence
LogPluginManager: Mounting plugin OnlineSubsystem
LogPluginManager: Mounting plugin OnlineSubsystemNull
LogPluginManager: Mounting plugin OnlineSubsystemUtils
LogPluginManager: Mounting plugin LauncherChunkInstaller
LogPluginManager: Mounting plugin ActorLayerUtilities
LogPluginManager: Mounting plugin AndroidDeviceProfileSelector
LogPluginManager: Mounting plugin AndroidPermission
LogPluginManager: Mounting plugin AndroidMoviePlayer
LogPluginManager: Mounting plugin AppleImageUtils
LogPluginManager: Mounting plugin AppleMoviePlayer
LogPluginManager: Mounting plugin ArchVisCharacter
LogPluginManager: Mounting plugin AssetTags
LogPluginManager: Mounting plugin AudioCapture
LogPluginManager: Mounting plugin AudioSynesthesia
LogPluginManager: Mounting plugin CableComponent
LogPluginManager: Mounting plugin ChunkDownloader
LogPluginManager: Mounting plugin CustomMeshComponent
LogPluginManager: Mounting plugin ExampleDeviceProfileSelector
LogPluginManager: Mounting plugin EditableMesh
LogPluginManager: Mounting plugin GoogleCloudMessaging
LogPluginManager: Mounting plugin GooglePAD
LogPluginManager: Mounting plugin IOSDeviceProfileSelector
LogPluginManager: Mounting plugin LinuxDeviceProfileSelector
LogPluginManager: Mounting plugin LocationServicesBPLibrary
LogPluginManager: Mounting plugin MobilePatchingUtils
LogPluginManager: Mounting plugin OpenXR
LogPluginManager: Mounting plugin OpenXREyeTracker
LogPluginManager: Mounting plugin OpenXRHandTracking
LogPluginManager: Mounting plugin PhysXVehicles
LogPluginManager: Mounting plugin ScreenshotTools
LogPluginManager: Mounting plugin PostSplashScreen
LogPluginManager: Mounting plugin ProceduralMeshComponent
LogPluginManager: Mounting plugin PropertyAccessEditor
LogPluginManager: Mounting plugin RuntimePhysXCooking
LogPluginManager: Mounting plugin SoundFields
LogPluginManager: Mounting plugin SignificanceManager
LogPluginManager: Mounting plugin Synthesis
LogPluginManager: Mounting plugin WebMMoviePlayer
LogPluginManager: Mounting plugin WindowsMoviePlayer
LogPluginManager: Mounting plugin Takes
LogPluginManager: Mounting plugin ContentBrowserFileDataSource
LogPluginManager: Mounting plugin ContentBrowserAssetDataSource
LogPluginManager: Mounting plugin ContentBrowserClassDataSource
LogPluginManager: Mounting plugin OnlineSubsystemGooglePlay
LogPluginManager: Mounting plugin OnlineSubsystemIOS
LogPluginManager: Mounting plugin OculusVR
LogPluginManager: Mounting plugin SteamVR
PixWinPlugin: PIX capture plugin failed to initialize! Check that the process is launched from PIX.
LogInit: Using libcurl 7.55.1-DEV
LogInit:  - built for x86_64-pc-win32
LogInit:  - supports SSL with OpenSSL/1.1.1
LogInit:  - supports HTTP deflate (compression) using libz 1.2.8
LogInit:  - other features:
LogInit:      CURL_VERSION_SSL
LogInit:      CURL_VERSION_LIBZ
LogInit:      CURL_VERSION_IPV6
LogInit:      CURL_VERSION_ASYNCHDNS
LogInit:      CURL_VERSION_LARGEFILE
LogInit:      CURL_VERSION_IDN
LogInit:  CurlRequestOptions (configurable via config and command line):
LogInit:  - bVerifyPeer = true  - Libcurl will verify peer certificate
LogInit:  - bUseHttpProxy = false  - Libcurl will NOT use HTTP proxy
LogInit:  - bDontReuseConnections = false  - Libcurl will reuse connections
LogInit:  - MaxHostConnections = 16  - Libcurl will limit the number of connections to a host
LogInit:  - LocalHostAddr = Default
LogInit:  - BufferSize = 65536
LogOnline: OSS: Creating online subsystem instance for: NULL
LogInit: WinSock: version 1.1 (2.2), MaxSocks=32767, MaxUdp=65467
LogOnline: OSS: TryLoadSubsystemAndSetDefault: Loaded subsystem for module [NULL]
LogOculusPluginWrapper: OculusPlugin initialized successfully
LogHMD: Failed initializing OVRPlugin 1.59.0
LogInit: Build: ++UE4+Release-4.27-CL-18319896
LogInit: Engine Version: 4.27.2-18319896+++UE4+Release-4.27
LogInit: Compatible Engine Version: 4.27.0-17155196+++UE4+Release-4.27
LogInit: Net CL: 17155196
LogInit: OS: Windows 10 (Release 2009) (), CPU: Intel(R) Core(TM) i7-10700 CPU @ 2.90GHz, GPU: NVIDIA GeForce RTX 2060
LogInit: Compiled (64-bit): Nov 30 2021 07:12:08
LogInit: Compiled with Visual C++: 19.24.28315.00
LogInit: Build Configuration: DebugGame
LogInit: Branch Name: ++UE4+Release-4.27
LogInit: Command Line:  -skipcompile
LogInit: Base Directory: C:/Program Files/Epic Games/UE_4.27/Engine/Binaries/Win64/
LogInit: Allocator: TBB
LogInit: Installed Engine Build: 1
LogDevObjectVersion: Number of dev versions registered: 29
LogDevObjectVersion:   Dev-Blueprints (B0D832E4-1F89-4F0D-ACCF-7EB736FD4AA2): 10
LogDevObjectVersion:   Dev-Build (E1C64328-A22C-4D53-A36C-8E866417BD8C): 0
LogDevObjectVersion:   Dev-Core (375EC13C-06E4-48FB-B500-84F0262A717E): 4
LogDevObjectVersion:   Dev-Editor (E4B068ED-F494-42E9-A231-DA0B2E46BB41): 40
LogDevObjectVersion:   Dev-Framework (CFFC743F-43B0-4480-9391-14DF171D2073): 37
LogDevObjectVersion:   Dev-Mobile (B02B49B5-BB20-44E9-A304-32B752E40360): 3
LogDevObjectVersion:   Dev-Networking (A4E4105C-59A1-49B5-A7C5-40C4547EDFEE): 0
LogDevObjectVersion:   Dev-Online (39C831C9-5AE6-47DC-9A44-9C173E1C8E7C): 0
LogDevObjectVersion:   Dev-Physics (78F01B33-EBEA-4F98-B9B4-84EACCB95AA2): 14
LogDevObjectVersion:   Dev-Platform (6631380F-2D4D-43E0-8009-CF276956A95A): 0
LogDevObjectVersion:   Dev-Rendering (12F88B9F-8875-4AFC-A67C-D90C383ABD29): 45
LogDevObjectVersion:   Dev-Sequencer (7B5AE74C-D270-4C10-A958-57980B212A5A): 13
LogDevObjectVersion:   Dev-VR (D7296918-1DD6-4BDD-9DE2-64A83CC13884): 3
LogDevObjectVersion:   Dev-LoadTimes (C2A15278-BFE7-4AFE-6C17-90FF531DF755): 1
LogDevObjectVersion:   Private-Geometry (6EACA3D4-40EC-4CC1-B786-8BED09428FC5): 3
LogDevObjectVersion:   Dev-AnimPhys (29E575DD-E0A3-4627-9D10-D276232CDCEA): 17
LogDevObjectVersion:   Dev-Anim (AF43A65D-7FD3-4947-9873-3E8ED9C1BB05): 15
LogDevObjectVersion:   Dev-ReflectionCapture (6B266CEC-1EC7-4B8F-A30B-E4D90942FC07): 1
LogDevObjectVersion:   Dev-Automation (0DF73D61-A23F-47EA-B727-89E90C41499A): 1
LogDevObjectVersion:   FortniteMain (601D1886-AC64-4F84-AA16-D3DE0DEAC7D6): 47
LogDevObjectVersion:   FortniteRelease (E7086368-6B23-4C58-8439-1B7016265E91): 1
LogDevObjectVersion:   Dev-Enterprise (9DFFBCD6-494F-0158-E221-12823C92A888): 10
LogDevObjectVersion:   Dev-Niagara (F2AED0AC-9AFE-416F-8664-AA7FFA26D6FC): 1
LogDevObjectVersion:   Dev-Destruction (174F1F0B-B4C6-45A5-B13F-2EE8D0FB917D): 10
LogDevObjectVersion:   Dev-Physics-Ext (35F94A83-E258-406C-A318-09F59610247C): 41
LogDevObjectVersion:   Dev-PhysicsMaterial-Chaos (B68FC16E-8B1B-42E2-B453-215C058844FE): 1
LogDevObjectVersion:   Dev-CineCamera (B2E18506-4273-CFC2-A54E-F4BB758BBA07): 1
LogDevObjectVersion:   Dev-VirtualProduction (64F58936-FD1B-42BA-BA96-7289D5D0FA4E): 1
LogDevObjectVersion:   Dev-MediaFramework (6F0ED827-A609-4895-9C91-998D90180EA4): 2
LogInit: Presizing for max 25165824 objects, including 0 objects not considered by GC, pre-allocating 0 bytes for permanent pool.
LogConfig: Applying CVar settings from Section [/Script/Engine.StreamingSettings] File [C:/nolme/Learn/LearnUE4/Saved/Config/Windows/Engine.ini]
LogConfig: Setting CVar [[s.MinBulkDataSizeForAsyncLoading:131072]]
LogConfig: Setting CVar [[s.AsyncLoadingThreadEnabled:0]]
LogConfig: Setting CVar [[s.EventDrivenLoaderEnabled:1]]
LogConfig: Setting CVar [[s.WarnIfTimeLimitExceeded:0]]
LogConfig: Setting CVar [[s.TimeLimitExceededMultiplier:1.5]]
LogConfig: Setting CVar [[s.TimeLimitExceededMinTime:0.005]]
LogConfig: Setting CVar [[s.UseBackgroundLevelStreaming:1]]
LogConfig: Setting CVar [[s.PriorityAsyncLoadingExtraTime:15.0]]
LogConfig: Setting CVar [[s.LevelStreamingActorsUpdateTimeLimit:5.0]]
LogConfig: Setting CVar [[s.PriorityLevelStreamingActorsUpdateExtraTime:5.0]]
LogConfig: Setting CVar [[s.LevelStreamingComponentsRegistrationGranularity:10]]
LogConfig: Setting CVar [[s.UnregisterComponentsTimeLimit:1.0]]
LogConfig: Setting CVar [[s.LevelStreamingComponentsUnregistrationGranularity:5]]
LogConfig: Setting CVar [[s.FlushStreamingOnExit:1]]
LogInit: Object subsystem initialized
LogConfig: Setting CVar [[con.DebugEarlyDefault:1]]
LogConfig: Setting CVar [[r.setres:1280x720]]
[2022.01.22-12.57.17:835][  0]LogConfig: Setting CVar [[r.VSync:0]]
[2022.01.22-12.57.17:835][  0]LogConfig: Setting CVar [[r.RHICmdBypass:0]]
[2022.01.22-12.57.17:836][  0]LogConfig: Applying CVar settings from Section [/Script/Engine.RendererSettings] File [C:/nolme/Learn/LearnUE4/Saved/Config/Windows/Engine.ini]
[2022.01.22-12.57.17:836][  0]LogConfig: Setting CVar [[r.GPUCrashDebugging:0]]
[2022.01.22-12.57.17:836][  0]LogConfig: Applying CVar settings from Section [/Script/Engine.RendererOverrideSettings] File [C:/nolme/Learn/LearnUE4/Saved/Config/Windows/Engine.ini]
[2022.01.22-12.57.17:836][  0]LogConfig: Applying CVar settings from Section [/Script/Engine.StreamingSettings] File [C:/nolme/Learn/LearnUE4/Saved/Config/Windows/Engine.ini]
[2022.01.22-12.57.17:836][  0]LogConfig: Setting CVar [[s.MinBulkDataSizeForAsyncLoading:131072]]
[2022.01.22-12.57.17:836][  0]LogConfig: Setting CVar [[s.AsyncLoadingThreadEnabled:0]]
[2022.01.22-12.57.17:836][  0]LogConfig: Setting CVar [[s.EventDrivenLoaderEnabled:1]]
[2022.01.22-12.57.17:836][  0]LogConfig: Setting CVar [[s.WarnIfTimeLimitExceeded:0]]
[2022.01.22-12.57.17:836][  0]LogConfig: Setting CVar [[s.TimeLimitExceededMultiplier:1.5]]
[2022.01.22-12.57.17:836][  0]LogConfig: Setting CVar [[s.TimeLimitExceededMinTime:0.005]]
[2022.01.22-12.57.17:836][  0]LogConfig: Setting CVar [[s.UseBackgroundLevelStreaming:1]]
[2022.01.22-12.57.17:836][  0]LogConfig: Setting CVar [[s.PriorityAsyncLoadingExtraTime:15.0]]
[2022.01.22-12.57.17:836][  0]LogConfig: Setting CVar [[s.LevelStreamingActorsUpdateTimeLimit:5.0]]
[2022.01.22-12.57.17:836][  0]LogConfig: Setting CVar [[s.PriorityLevelStreamingActorsUpdateExtraTime:5.0]]
[2022.01.22-12.57.17:836][  0]LogConfig: Setting CVar [[s.LevelStreamingComponentsRegistrationGranularity:10]]
[2022.01.22-12.57.17:836][  0]LogConfig: Setting CVar [[s.UnregisterComponentsTimeLimit:1.0]]
[2022.01.22-12.57.17:836][  0]LogConfig: Setting CVar [[s.LevelStreamingComponentsUnregistrationGranularity:5]]
[2022.01.22-12.57.17:836][  0]LogConfig: Setting CVar [[s.FlushStreamingOnExit:1]]
[2022.01.22-12.57.17:836][  0]LogConfig: Applying CVar settings from Section [/Script/Engine.GarbageCollectionSettings] File [C:/nolme/Learn/LearnUE4/Saved/Config/Windows/Engine.ini]
[2022.01.22-12.57.17:836][  0]LogConfig: Setting CVar [[gc.MaxObjectsNotConsideredByGC:1]]
[2022.01.22-12.57.17:836][  0]LogConfig: Setting CVar [[gc.SizeOfPermanentObjectPool:0]]
[2022.01.22-12.57.17:836][  0]LogConfig: Setting CVar [[gc.FlushStreamingOnGC:0]]
[2022.01.22-12.57.17:836][  0]LogConfig: Setting CVar [[gc.NumRetriesBeforeForcingGC:10]]
[2022.01.22-12.57.17:836][  0]LogConfig: Setting CVar [[gc.AllowParallelGC:1]]
[2022.01.22-12.57.17:837][  0]LogConfig: Setting CVar [[gc.TimeBetweenPurgingPendingKillObjects:61.1]]
[2022.01.22-12.57.17:837][  0]LogConfig: Setting CVar [[gc.MaxObjectsInEditor:25165824]]
[2022.01.22-12.57.17:837][  0]LogConfig: Setting CVar [[gc.IncrementalBeginDestroyEnabled:1]]
[2022.01.22-12.57.17:837][  0]LogConfig: Setting CVar [[gc.CreateGCClusters:1]]
[2022.01.22-12.57.17:837][  0]LogConfig: Setting CVar [[gc.MinGCClusterSize:5]]
[2022.01.22-12.57.17:837][  0]LogConfig: Setting CVar [[gc.ActorClusteringEnabled:0]]
[2022.01.22-12.57.17:837][  0]LogConfig: Setting CVar [[gc.BlueprintClusteringEnabled:0]]
[2022.01.22-12.57.17:837][  0]LogConfig: Setting CVar [[gc.UseDisregardForGCOnDedicatedServers:0]]
[2022.01.22-12.57.17:837][  0]LogConfig: Setting CVar [[gc.MultithreadedDestructionEnabled:1]]
[2022.01.22-12.57.17:837][  0]LogConfig: Applying CVar settings from Section [/Script/Engine.NetworkSettings] File [C:/nolme/Learn/LearnUE4/Saved/Config/Windows/Engine.ini]
[2022.01.22-12.57.17:837][  0]LogConfig: Applying CVar settings from Section [/Script/UnrealEd.CookerSettings] File [C:/nolme/Learn/LearnUE4/Saved/Config/Windows/Engine.ini]
[2022.01.22-12.57.17:857][  0]LogConfig: Applying CVar settings from Section [ViewDistanceQuality@3] File [C:/nolme/Learn/LearnUE4/Saved/Config/Windows/Scalability.ini]
[2022.01.22-12.57.17:857][  0]LogConfig: Setting CVar [[r.SkeletalMeshLODBias:0]]
[2022.01.22-12.57.17:858][  0]LogConfig: Setting CVar [[r.ViewDistanceScale:1.0]]
[2022.01.22-12.57.17:858][  0]LogConfig: Applying CVar settings from Section [AntiAliasingQuality@3] File [C:/nolme/Learn/LearnUE4/Saved/Config/Windows/Scalability.ini]
[2022.01.22-12.57.17:858][  0]LogConfig: Setting CVar [[r.PostProcessAAQuality:4]]
[2022.01.22-12.57.17:858][  0]LogConfig: Applying CVar settings from Section [ShadowQuality@3] File [C:/nolme/Learn/LearnUE4/Saved/Config/Windows/Scalability.ini]
[2022.01.22-12.57.17:858][  0]LogConfig: Setting CVar [[r.LightFunctionQuality:1]]
[2022.01.22-12.57.17:858][  0]LogConfig: Setting CVar [[r.ShadowQuality:5]]
[2022.01.22-12.57.17:858][  0]LogConfig: Setting CVar [[r.Shadow.CSM.MaxCascades:10]]
[2022.01.22-12.57.17:858][  0]LogConfig: Setting CVar [[r.Shadow.MaxResolution:2048]]
[2022.01.22-12.57.17:858][  0]LogConfig: Setting CVar [[r.Shadow.MaxCSMResolution:2048]]
[2022.01.22-12.57.17:858][  0]LogConfig: Setting CVar [[r.Shadow.RadiusThreshold:0.01]]
[2022.01.22-12.57.17:858][  0]LogConfig: Setting CVar [[r.Shadow.DistanceScale:1.0]]
[2022.01.22-12.57.17:858][  0]LogConfig: Setting CVar [[r.Shadow.CSM.TransitionScale:1.0]]
[2022.01.22-12.57.17:858][  0]LogConfig: Setting CVar [[r.Shadow.PreShadowResolutionFactor:1.0]]
[2022.01.22-12.57.17:858][  0]LogConfig: Setting CVar [[r.DistanceFieldShadowing:1]]
[2022.01.22-12.57.17:858][  0]LogConfig: Setting CVar [[r.DistanceFieldAO:1]]
[2022.01.22-12.57.17:858][  0]LogConfig: Setting CVar [[r.AOQuality:2]]
[2022.01.22-12.57.17:858][  0]LogConfig: Setting CVar [[r.VolumetricFog:1]]
[2022.01.22-12.57.17:858][  0]LogConfig: Setting CVar [[r.VolumetricFog.GridPixelSize:8]]
[2022.01.22-12.57.17:858][  0]LogConfig: Setting CVar [[r.VolumetricFog.GridSizeZ:128]]
[2022.01.22-12.57.17:858][  0]LogConfig: Setting CVar [[r.VolumetricFog.HistoryMissSupersampleCount:4]]
[2022.01.22-12.57.17:858][  0]LogConfig: Setting CVar [[r.LightMaxDrawDistanceScale:1]]
[2022.01.22-12.57.17:858][  0]LogConfig: Setting CVar [[r.CapsuleShadows:1]]
[2022.01.22-12.57.17:859][  0]LogConfig: Applying CVar settings from Section [PostProcessQuality@3] File [C:/nolme/Learn/LearnUE4/Saved/Config/Windows/Scalability.ini]
[2022.01.22-12.57.17:859][  0]LogConfig: Setting CVar [[r.MotionBlurQuality:4]]
[2022.01.22-12.57.17:859][  0]LogConfig: Setting CVar [[r.AmbientOcclusionMipLevelFactor:0.4]]
[2022.01.22-12.57.17:859][  0]LogConfig: Setting CVar [[r.AmbientOcclusionMaxQuality:100]]
[2022.01.22-12.57.17:859][  0]LogConfig: Setting CVar [[r.AmbientOcclusionLevels:-1]]
[2022.01.22-12.57.17:859][  0]LogConfig: Setting CVar [[r.AmbientOcclusionRadiusScale:1.0]]
[2022.01.22-12.57.17:859][  0]LogConfig: Setting CVar [[r.DepthOfFieldQuality:2]]
[2022.01.22-12.57.17:859][  0]LogConfig: Setting CVar [[r.RenderTargetPoolMin:400]]
[2022.01.22-12.57.17:859][  0]LogConfig: Setting CVar [[r.LensFlareQuality:2]]
[2022.01.22-12.57.17:859][  0]LogConfig: Setting CVar [[r.SceneColorFringeQuality:1]]
[2022.01.22-12.57.17:859][  0]LogConfig: Setting CVar [[r.EyeAdaptationQuality:2]]
[2022.01.22-12.57.17:859][  0]LogConfig: Setting CVar [[r.BloomQuality:5]]
[2022.01.22-12.57.17:859][  0]LogConfig: Setting CVar [[r.FastBlurThreshold:100]]
[2022.01.22-12.57.17:859][  0]LogConfig: Setting CVar [[r.Upscale.Quality:3]]
[2022.01.22-12.57.17:859][  0]LogConfig: Setting CVar [[r.Tonemapper.GrainQuantization:1]]
[2022.01.22-12.57.17:859][  0]LogConfig: Setting CVar [[r.LightShaftQuality:1]]
[2022.01.22-12.57.17:859][  0]LogConfig: Setting CVar [[r.Filter.SizeScale:1]]
[2022.01.22-12.57.17:859][  0]LogConfig: Setting CVar [[r.Tonemapper.Quality:5]]
[2022.01.22-12.57.17:859][  0]LogConfig: Setting CVar [[r.DOF.Gather.AccumulatorQuality:1        ; higher gathering accumulator quality]]
[2022.01.22-12.57.17:859][  0]LogConfig: Setting CVar [[r.DOF.Gather.PostfilterMethod:1          ; Median3x3 postfilering method]]
[2022.01.22-12.57.17:859][  0]LogConfig: Setting CVar [[r.DOF.Gather.EnableBokehSettings:0       ; no bokeh simulation when gathering]]
[2022.01.22-12.57.17:859][  0]LogConfig: Setting CVar [[r.DOF.Gather.RingCount:4                 ; medium number of samples when gathering]]
[2022.01.22-12.57.17:859][  0]LogConfig: Setting CVar [[r.DOF.Scatter.ForegroundCompositing:1    ; additive foreground scattering]]
[2022.01.22-12.57.17:859][  0]LogConfig: Setting CVar [[r.DOF.Scatter.BackgroundCompositing:2    ; additive background scattering]]
[2022.01.22-12.57.17:859][  0]LogConfig: Setting CVar [[r.DOF.Scatter.EnableBokehSettings:1      ; bokeh simulation when scattering]]
[2022.01.22-12.57.17:860][  0]LogConfig: Setting CVar [[r.DOF.Scatter.MaxSpriteRatio:0.1         ; only a maximum of 10% of scattered bokeh]]
[2022.01.22-12.57.17:860][  0]LogConfig: Setting CVar [[r.DOF.Recombine.Quality:1                ; cheap slight out of focus]]
[2022.01.22-12.57.17:860][  0]LogConfig: Setting CVar [[r.DOF.Recombine.EnableBokehSettings:0    ; no bokeh simulation on slight out of focus]]
[2022.01.22-12.57.17:860][  0]LogConfig: Setting CVar [[r.DOF.TemporalAAQuality:1                ; more stable temporal accumulation]]
[2022.01.22-12.57.17:860][  0]LogConfig: Setting CVar [[r.DOF.Kernel.MaxForegroundRadius:0.025]]
[2022.01.22-12.57.17:860][  0]LogConfig: Setting CVar [[r.DOF.Kernel.MaxBackgroundRadius:0.025]]
[2022.01.22-12.57.17:860][  0]LogConfig: Applying CVar settings from Section [TextureQuality@3] File [C:/nolme/Learn/LearnUE4/Saved/Config/Windows/Scalability.ini]
[2022.01.22-12.57.17:860][  0]LogConfig: Setting CVar [[r.Streaming.MipBias:0]]
[2022.01.22-12.57.17:860][  0]LogConfig: Setting CVar [[r.Streaming.AmortizeCPUToGPUCopy:0]]
[2022.01.22-12.57.17:860][  0]LogConfig: Setting CVar [[r.Streaming.MaxNumTexturesToStreamPerFrame:0]]
[2022.01.22-12.57.17:860][  0]LogConfig: Setting CVar [[r.Streaming.Boost:1]]
[2022.01.22-12.57.17:860][  0]LogConfig: Setting CVar [[r.MaxAnisotropy:8]]
[2022.01.22-12.57.17:860][  0]LogConfig: Setting CVar [[r.VT.MaxAnisotropy:8]]
[2022.01.22-12.57.17:860][  0]LogConfig: Setting CVar [[r.Streaming.LimitPoolSizeToVRAM:0]]
[2022.01.22-12.57.17:860][  0]LogConfig: Setting CVar [[r.Streaming.PoolSize:1000]]
[2022.01.22-12.57.17:860][  0]LogConfig: Setting CVar [[r.Streaming.MaxEffectiveScreenSize:0]]
[2022.01.22-12.57.17:860][  0]LogConfig: Applying CVar settings from Section [EffectsQuality@3] File [C:/nolme/Learn/LearnUE4/Saved/Config/Windows/Scalability.ini]
[2022.01.22-12.57.17:860][  0]LogConfig: Setting CVar [[r.TranslucencyLightingVolumeDim:64]]
[2022.01.22-12.57.17:860][  0]LogConfig: Setting CVar [[r.RefractionQuality:2]]
[2022.01.22-12.57.17:860][  0]LogConfig: Setting CVar [[r.SSR.Quality:3]]
[2022.01.22-12.57.17:860][  0]LogConfig: Setting CVar [[r.SSR.HalfResSceneColor:0]]
[2022.01.22-12.57.17:860][  0]LogConfig: Setting CVar [[r.SceneColorFormat:4]]
[2022.01.22-12.57.17:860][  0]LogConfig: Setting CVar [[r.DetailMode:2]]
[2022.01.22-12.57.17:860][  0]LogConfig: Setting CVar [[r.TranslucencyVolumeBlur:1]]
[2022.01.22-12.57.17:860][  0]LogConfig: Setting CVar [[r.MaterialQualityLevel:1 ; High quality]]
[2022.01.22-12.57.17:860][  0]LogConfig: Setting CVar [[r.AnisotropicMaterials:1]]
[2022.01.22-12.57.17:861][  0]LogConfig: Setting CVar [[r.SSS.Scale:1]]
[2022.01.22-12.57.17:861][  0]LogConfig: Setting CVar [[r.SSS.SampleSet:2]]
[2022.01.22-12.57.17:861][  0]LogConfig: Setting CVar [[r.SSS.Quality:1]]
[2022.01.22-12.57.17:861][  0]LogConfig: Setting CVar [[r.SSS.HalfRes:0]]
[2022.01.22-12.57.17:861][  0]LogConfig: Setting CVar [[r.SSGI.Quality:3]]
[2022.01.22-12.57.17:861][  0]LogConfig: Setting CVar [[r.EmitterSpawnRateScale:1.0]]
[2022.01.22-12.57.17:861][  0]LogConfig: Setting CVar [[r.ParticleLightQuality:2]]
[2022.01.22-12.57.17:861][  0]LogConfig: Setting CVar [[r.SkyAtmosphere.AerialPerspectiveLUT.FastApplyOnOpaque:1 ; Always have FastSkyLUT 1 in this case to avoid wrong sky]]
[2022.01.22-12.57.17:861][  0]LogConfig: Setting CVar [[r.SkyAtmosphere.AerialPerspectiveLUT.SampleCountMaxPerSlice:4]]
[2022.01.22-12.57.17:861][  0]LogConfig: Setting CVar [[r.SkyAtmosphere.AerialPerspectiveLUT.DepthResolution:16.0]]
[2022.01.22-12.57.17:861][  0]LogConfig: Setting CVar [[r.SkyAtmosphere.FastSkyLUT:1]]
[2022.01.22-12.57.17:861][  0]LogConfig: Setting CVar [[r.SkyAtmosphere.FastSkyLUT.SampleCountMin:4.0]]
[2022.01.22-12.57.17:861][  0]LogConfig: Setting CVar [[r.SkyAtmosphere.FastSkyLUT.SampleCountMax:128.0]]
[2022.01.22-12.57.17:861][  0]LogConfig: Setting CVar [[r.SkyAtmosphere.SampleCountMin:4.0]]
[2022.01.22-12.57.17:861][  0]LogConfig: Setting CVar [[r.SkyAtmosphere.SampleCountMax:128.0]]
[2022.01.22-12.57.17:861][  0]LogConfig: Setting CVar [[r.SkyAtmosphere.TransmittanceLUT.UseSmallFormat:0]]
[2022.01.22-12.57.17:861][  0]LogConfig: Setting CVar [[r.SkyAtmosphere.TransmittanceLUT.SampleCount:10.0]]
[2022.01.22-12.57.17:861][  0]LogConfig: Setting CVar [[r.SkyAtmosphere.MultiScatteringLUT.SampleCount:15.0]]
[2022.01.22-12.57.17:861][  0]LogConfig: Setting CVar [[r.SkyLight.RealTimeReflectionCapture:1]]
[2022.01.22-12.57.17:861][  0]LogConfig: Applying CVar settings from Section [FoliageQuality@3] File [C:/nolme/Learn/LearnUE4/Saved/Config/Windows/Scalability.ini]
[2022.01.22-12.57.17:861][  0]LogConfig: Setting CVar [[foliage.DensityScale:1.0]]
[2022.01.22-12.57.17:861][  0]LogConfig: Setting CVar [[grass.DensityScale:1.0]]
[2022.01.22-12.57.17:861][  0]LogConfig: Applying CVar settings from Section [ShadingQuality@3] File [C:/nolme/Learn/LearnUE4/Saved/Config/Windows/Scalability.ini]
[2022.01.22-12.57.17:861][  0]LogConfig: Setting CVar [[r.HairStrands.SkyLighting.IntegrationType:2]]
[2022.01.22-12.57.17:861][  0]LogConfig: Setting CVar [[r.HairStrands.SkyAO.SampleCount:4]]
[2022.01.22-12.57.17:862][  0]LogConfig: Setting CVar [[r.HairStrands.Visibility.MSAA.SamplePerPixel:4]]
[2022.01.22-12.57.17:862][  0]LogInit: Selected Device Profile: [Windows]
[2022.01.22-12.57.17:862][  0]LogInit: Applying CVar settings loaded from the selected device profile: [Windows]
[2022.01.22-12.57.17:862][  0]LogHAL: Display: Platform has ~ 16 GB [17028710400 / 17179869184 / 16], which maps to Larger [LargestMinGB=32, LargerMinGB=12, DefaultMinGB=8, SmallerMinGB=6, SmallestMinGB=0)
[2022.01.22-12.57.17:862][  0]LogInit: Going up to parent DeviceProfile []
[2022.01.22-12.57.17:862][  0]LogConfig: Applying CVar settings from Section [ViewDistanceQuality@3] File [C:/nolme/Learn/LearnUE4/Saved/Config/Windows/Scalability.ini]
[2022.01.22-12.57.17:862][  0]LogConfig: Setting CVar [[r.SkeletalMeshLODBias:0]]
[2022.01.22-12.57.17:862][  0]LogConfig: Setting CVar [[r.ViewDistanceScale:1.0]]
[2022.01.22-12.57.17:862][  0]LogConfig: Applying CVar settings from Section [AntiAliasingQuality@3] File [C:/nolme/Learn/LearnUE4/Saved/Config/Windows/Scalability.ini]
[2022.01.22-12.57.17:862][  0]LogConfig: Setting CVar [[r.PostProcessAAQuality:4]]
[2022.01.22-12.57.17:862][  0]LogConfig: Applying CVar settings from Section [ShadowQuality@3] File [C:/nolme/Learn/LearnUE4/Saved/Config/Windows/Scalability.ini]
[2022.01.22-12.57.17:862][  0]LogConfig: Setting CVar [[r.LightFunctionQuality:1]]
[2022.01.22-12.57.17:862][  0]LogConfig: Setting CVar [[r.ShadowQuality:5]]
[2022.01.22-12.57.17:862][  0]LogConfig: Setting CVar [[r.Shadow.CSM.MaxCascades:10]]
[2022.01.22-12.57.17:862][  0]LogConfig: Setting CVar [[r.Shadow.MaxResolution:2048]]
[2022.01.22-12.57.17:862][  0]LogConfig: Setting CVar [[r.Shadow.MaxCSMResolution:2048]]
[2022.01.22-12.57.17:862][  0]LogConfig: Setting CVar [[r.Shadow.RadiusThreshold:0.01]]
[2022.01.22-12.57.17:862][  0]LogConfig: Setting CVar [[r.Shadow.DistanceScale:1.0]]
[2022.01.22-12.57.17:862][  0]LogConfig: Setting CVar [[r.Shadow.CSM.TransitionScale:1.0]]
[2022.01.22-12.57.17:862][  0]LogConfig: Setting CVar [[r.Shadow.PreShadowResolutionFactor:1.0]]
[2022.01.22-12.57.17:862][  0]LogConfig: Setting CVar [[r.DistanceFieldShadowing:1]]
[2022.01.22-12.57.17:862][  0]LogConfig: Setting CVar [[r.DistanceFieldAO:1]]
[2022.01.22-12.57.17:862][  0]LogConfig: Setting CVar [[r.AOQuality:2]]
[2022.01.22-12.57.17:863][  0]LogConfig: Setting CVar [[r.VolumetricFog:1]]
[2022.01.22-12.57.17:863][  0]LogConfig: Setting CVar [[r.VolumetricFog.GridPixelSize:8]]
[2022.01.22-12.57.17:863][  0]LogConfig: Setting CVar [[r.VolumetricFog.GridSizeZ:128]]
[2022.01.22-12.57.17:863][  0]LogConfig: Setting CVar [[r.VolumetricFog.HistoryMissSupersampleCount:4]]
[2022.01.22-12.57.17:863][  0]LogConfig: Setting CVar [[r.LightMaxDrawDistanceScale:1]]
[2022.01.22-12.57.17:863][  0]LogConfig: Setting CVar [[r.CapsuleShadows:1]]
[2022.01.22-12.57.17:863][  0]LogConfig: Applying CVar settings from Section [PostProcessQuality@3] File [C:/nolme/Learn/LearnUE4/Saved/Config/Windows/Scalability.ini]
[2022.01.22-12.57.17:863][  0]LogConfig: Setting CVar [[r.MotionBlurQuality:4]]
[2022.01.22-12.57.17:863][  0]LogConfig: Setting CVar [[r.AmbientOcclusionMipLevelFactor:0.4]]
[2022.01.22-12.57.17:863][  0]LogConfig: Setting CVar [[r.AmbientOcclusionMaxQuality:100]]
[2022.01.22-12.57.17:863][  0]LogConfig: Setting CVar [[r.AmbientOcclusionLevels:-1]]
[2022.01.22-12.57.17:863][  0]LogConfig: Setting CVar [[r.AmbientOcclusionRadiusScale:1.0]]
[2022.01.22-12.57.17:863][  0]LogConfig: Setting CVar [[r.DepthOfFieldQuality:2]]
[2022.01.22-12.57.17:863][  0]LogConfig: Setting CVar [[r.RenderTargetPoolMin:400]]
[2022.01.22-12.57.17:863][  0]LogConfig: Setting CVar [[r.LensFlareQuality:2]]
[2022.01.22-12.57.17:863][  0]LogConfig: Setting CVar [[r.SceneColorFringeQuality:1]]
[2022.01.22-12.57.17:863][  0]LogConfig: Setting CVar [[r.EyeAdaptationQuality:2]]
[2022.01.22-12.57.17:863][  0]LogConfig: Setting CVar [[r.BloomQuality:5]]
[2022.01.22-12.57.17:863][  0]LogConfig: Setting CVar [[r.FastBlurThreshold:100]]
[2022.01.22-12.57.17:863][  0]LogConfig: Setting CVar [[r.Upscale.Quality:3]]
[2022.01.22-12.57.17:863][  0]LogConfig: Setting CVar [[r.Tonemapper.GrainQuantization:1]]
[2022.01.22-12.57.17:863][  0]LogConfig: Setting CVar [[r.LightShaftQuality:1]]
[2022.01.22-12.57.17:863][  0]LogConfig: Setting CVar [[r.Filter.SizeScale:1]]
[2022.01.22-12.57.17:863][  0]LogConfig: Setting CVar [[r.Tonemapper.Quality:5]]
[2022.01.22-12.57.17:863][  0]LogConfig: Setting CVar [[r.DOF.Gather.AccumulatorQuality:1        ; higher gathering accumulator quality]]
[2022.01.22-12.57.17:864][  0]LogConfig: Setting CVar [[r.DOF.Gather.PostfilterMethod:1          ; Median3x3 postfilering method]]
[2022.01.22-12.57.17:864][  0]LogConfig: Setting CVar [[r.DOF.Gather.EnableBokehSettings:0       ; no bokeh simulation when gathering]]
[2022.01.22-12.57.17:864][  0]LogConfig: Setting CVar [[r.DOF.Gather.RingCount:4                 ; medium number of samples when gathering]]
[2022.01.22-12.57.17:864][  0]LogConfig: Setting CVar [[r.DOF.Scatter.ForegroundCompositing:1    ; additive foreground scattering]]
[2022.01.22-12.57.17:864][  0]LogConfig: Setting CVar [[r.DOF.Scatter.BackgroundCompositing:2    ; additive background scattering]]
[2022.01.22-12.57.17:864][  0]LogConfig: Setting CVar [[r.DOF.Scatter.EnableBokehSettings:1      ; bokeh simulation when scattering]]
[2022.01.22-12.57.17:864][  0]LogConfig: Setting CVar [[r.DOF.Scatter.MaxSpriteRatio:0.1         ; only a maximum of 10% of scattered bokeh]]
[2022.01.22-12.57.17:864][  0]LogConfig: Setting CVar [[r.DOF.Recombine.Quality:1                ; cheap slight out of focus]]
[2022.01.22-12.57.17:864][  0]LogConfig: Setting CVar [[r.DOF.Recombine.EnableBokehSettings:0    ; no bokeh simulation on slight out of focus]]
[2022.01.22-12.57.17:864][  0]LogConfig: Setting CVar [[r.DOF.TemporalAAQuality:1                ; more stable temporal accumulation]]
[2022.01.22-12.57.17:864][  0]LogConfig: Setting CVar [[r.DOF.Kernel.MaxForegroundRadius:0.025]]
[2022.01.22-12.57.17:864][  0]LogConfig: Setting CVar [[r.DOF.Kernel.MaxBackgroundRadius:0.025]]
[2022.01.22-12.57.17:864][  0]LogConfig: Applying CVar settings from Section [TextureQuality@3] File [C:/nolme/Learn/LearnUE4/Saved/Config/Windows/Scalability.ini]
[2022.01.22-12.57.17:864][  0]LogConfig: Setting CVar [[r.Streaming.MipBias:0]]
[2022.01.22-12.57.17:864][  0]LogConfig: Setting CVar [[r.Streaming.AmortizeCPUToGPUCopy:0]]
[2022.01.22-12.57.17:864][  0]LogConfig: Setting CVar [[r.Streaming.MaxNumTexturesToStreamPerFrame:0]]
[2022.01.22-12.57.17:864][  0]LogConfig: Setting CVar [[r.Streaming.Boost:1]]
[2022.01.22-12.57.17:864][  0]LogConfig: Setting CVar [[r.MaxAnisotropy:8]]
[2022.01.22-12.57.17:864][  0]LogConfig: Setting CVar [[r.VT.MaxAnisotropy:8]]
[2022.01.22-12.57.17:864][  0]LogConfig: Setting CVar [[r.Streaming.LimitPoolSizeToVRAM:0]]
[2022.01.22-12.57.17:864][  0]LogConfig: Setting CVar [[r.Streaming.PoolSize:1000]]
[2022.01.22-12.57.17:864][  0]LogConfig: Setting CVar [[r.Streaming.MaxEffectiveScreenSize:0]]
[2022.01.22-12.57.17:864][  0]LogConfig: Applying CVar settings from Section [EffectsQuality@3] File [C:/nolme/Learn/LearnUE4/Saved/Config/Windows/Scalability.ini]
[2022.01.22-12.57.17:864][  0]LogConfig: Setting CVar [[r.TranslucencyLightingVolumeDim:64]]
[2022.01.22-12.57.17:864][  0]LogConfig: Setting CVar [[r.RefractionQuality:2]]
[2022.01.22-12.57.17:864][  0]LogConfig: Setting CVar [[r.SSR.Quality:3]]
[2022.01.22-12.57.17:865][  0]LogConfig: Setting CVar [[r.SSR.HalfResSceneColor:0]]
[2022.01.22-12.57.17:865][  0]LogConfig: Setting CVar [[r.SceneColorFormat:4]]
[2022.01.22-12.57.17:865][  0]LogConfig: Setting CVar [[r.DetailMode:2]]
[2022.01.22-12.57.17:865][  0]LogConfig: Setting CVar [[r.TranslucencyVolumeBlur:1]]
[2022.01.22-12.57.17:865][  0]LogConfig: Setting CVar [[r.MaterialQualityLevel:1 ; High quality]]
[2022.01.22-12.57.17:865][  0]LogConfig: Setting CVar [[r.AnisotropicMaterials:1]]
[2022.01.22-12.57.17:865][  0]LogConfig: Setting CVar [[r.SSS.Scale:1]]
[2022.01.22-12.57.17:865][  0]LogConfig: Setting CVar [[r.SSS.SampleSet:2]]
[2022.01.22-12.57.17:865][  0]LogConfig: Setting CVar [[r.SSS.Quality:1]]
[2022.01.22-12.57.17:865][  0]LogConfig: Setting CVar [[r.SSS.HalfRes:0]]
[2022.01.22-12.57.17:865][  0]LogConfig: Setting CVar [[r.SSGI.Quality:3]]
[2022.01.22-12.57.17:865][  0]LogConfig: Setting CVar [[r.EmitterSpawnRateScale:1.0]]
[2022.01.22-12.57.17:865][  0]LogConfig: Setting CVar [[r.ParticleLightQuality:2]]
[2022.01.22-12.57.17:865][  0]LogConfig: Setting CVar [[r.SkyAtmosphere.AerialPerspectiveLUT.FastApplyOnOpaque:1 ; Always have FastSkyLUT 1 in this case to avoid wrong sky]]
[2022.01.22-12.57.17:865][  0]LogConfig: Setting CVar [[r.SkyAtmosphere.AerialPerspectiveLUT.SampleCountMaxPerSlice:4]]
[2022.01.22-12.57.17:865][  0]LogConfig: Setting CVar [[r.SkyAtmosphere.AerialPerspectiveLUT.DepthResolution:16.0]]
[2022.01.22-12.57.17:865][  0]LogConfig: Setting CVar [[r.SkyAtmosphere.FastSkyLUT:1]]
[2022.01.22-12.57.17:865][  0]LogConfig: Setting CVar [[r.SkyAtmosphere.FastSkyLUT.SampleCountMin:4.0]]
[2022.01.22-12.57.17:865][  0]LogConfig: Setting CVar [[r.SkyAtmosphere.FastSkyLUT.SampleCountMax:128.0]]
[2022.01.22-12.57.17:865][  0]LogConfig: Setting CVar [[r.SkyAtmosphere.SampleCountMin:4.0]]
[2022.01.22-12.57.17:865][  0]LogConfig: Setting CVar [[r.SkyAtmosphere.SampleCountMax:128.0]]
[2022.01.22-12.57.17:865][  0]LogConfig: Setting CVar [[r.SkyAtmosphere.TransmittanceLUT.UseSmallFormat:0]]
[2022.01.22-12.57.17:865][  0]LogConfig: Setting CVar [[r.SkyAtmosphere.TransmittanceLUT.SampleCount:10.0]]
[2022.01.22-12.57.17:865][  0]LogConfig: Setting CVar [[r.SkyAtmosphere.MultiScatteringLUT.SampleCount:15.0]]
[2022.01.22-12.57.17:865][  0]LogConfig: Setting CVar [[r.SkyLight.RealTimeReflectionCapture:1]]
[2022.01.22-12.57.17:865][  0]LogConfig: Applying CVar settings from Section [FoliageQuality@3] File [C:/nolme/Learn/LearnUE4/Saved/Config/Windows/Scalability.ini]
[2022.01.22-12.57.17:866][  0]LogConfig: Setting CVar [[foliage.DensityScale:1.0]]
[2022.01.22-12.57.17:866][  0]LogConfig: Setting CVar [[grass.DensityScale:1.0]]
[2022.01.22-12.57.17:866][  0]LogConfig: Applying CVar settings from Section [ShadingQuality@3] File [C:/nolme/Learn/LearnUE4/Saved/Config/Windows/Scalability.ini]
[2022.01.22-12.57.17:866][  0]LogConfig: Setting CVar [[r.HairStrands.SkyLighting.IntegrationType:2]]
[2022.01.22-12.57.17:866][  0]LogConfig: Setting CVar [[r.HairStrands.SkyAO.SampleCount:4]]
[2022.01.22-12.57.17:866][  0]LogConfig: Setting CVar [[r.HairStrands.Visibility.MSAA.SamplePerPixel:4]]
[2022.01.22-12.57.17:866][  0]LogConfig: Applying CVar settings from Section [Startup] File [../../../Engine/Config/ConsoleVariables.ini]
[2022.01.22-12.57.17:866][  0]LogConfig: Setting CVar [[net.UseAdaptiveNetUpdateFrequency:0]]
[2022.01.22-12.57.17:866][  0]LogConfig: Setting CVar [[p.chaos.AllowCreatePhysxBodies:1]]
[2022.01.22-12.57.17:866][  0]LogConfig: Setting CVar [[fx.SkipVectorVMBackendOptimizations:1]]
[2022.01.22-12.57.17:866][  0]LogConfig: Applying CVar settings from Section [ConsoleVariables] File [C:/nolme/Learn/LearnUE4/Saved/Config/Windows/Engine.ini]
[2022.01.22-12.57.17:866][  0]LogConfig: Applying CVar settings from Section [ConsoleVariables] File [C:/nolme/Learn/LearnUE4/Saved/Config/Windows/Editor.ini]
[2022.01.22-12.57.17:866][  0]LogInit: Computer: DESKTOP-VBCTTQG
[2022.01.22-12.57.17:866][  0]LogInit: User: keedo
[2022.01.22-12.57.17:866][  0]LogInit: CPU Page size=4096, Cores=8
[2022.01.22-12.57.17:867][  0]LogInit: High frequency timer resolution =10.000000 MHz
[2022.01.22-12.57.17:867][  0]LogMemory: Memory total: Physical=15.9GB (16GB approx)
[2022.01.22-12.57.17:867][  0]LogMemory: Platform Memory Stats for Windows
[2022.01.22-12.57.17:867][  0]LogMemory: Process Physical Memory: 149.65 MB used, 149.65 MB peak
[2022.01.22-12.57.17:867][  0]LogMemory: Process Virtual Memory: 131.04 MB used, 131.04 MB peak
[2022.01.22-12.57.17:867][  0]LogMemory: Physical Memory: 7709.22 MB used,  8530.62 MB free, 16239.84 MB total
[2022.01.22-12.57.17:867][  0]LogMemory: Virtual Memory: 134211448.00 MB used,  6278.56 MB free, 134217728.00 MB total
[2022.01.22-12.57.17:882][  0]LogWindows: WindowsPlatformFeatures enabled
[2022.01.22-12.57.18:160][  0]LogInit: Physics initialised using underlying interface: PhysX
[2022.01.22-12.57.18:161][  0]LogInit: Overriding language with editor language configuration option (en).
[2022.01.22-12.57.18:161][  0]LogInit: Using OS detected locale (ko-KR).
[2022.01.22-12.57.18:345][  0]LogInit: Setting process to per monitor DPI aware
[2022.01.22-12.57.18:409][  0]LogWindowsTextInputMethodSystem: Display: IME system deactivated.
[2022.01.22-12.57.18:454][  0]LogSlate: New Slate User Created.  User Index 0, Is Virtual User: 0
[2022.01.22-12.57.18:454][  0]LogSlate: Slate User Registered.  User Index 0, Is Virtual User: 0
[2022.01.22-12.57.18:696][  0]LogD3D11RHI: Loaded GFSDK_Aftermath_Lib.x64.dll
[2022.01.22-12.57.18:706][  0]LogHMD: Failed to initialize OpenVR with code 110
[2022.01.22-12.57.18:706][  0]LogD3D11RHI: D3D11 min allowed feature level: 11_0
[2022.01.22-12.57.18:706][  0]LogD3D11RHI: D3D11 max allowed feature level: 11_0
[2022.01.22-12.57.18:706][  0]LogD3D11RHI: D3D11 adapters:
[2022.01.22-12.57.18:917][  0]LogD3D11RHI:    0. 'NVIDIA GeForce RTX 2060' (Feature Level 11_0)
[2022.01.22-12.57.18:917][  0]LogD3D11RHI:       5980/0/8119 MB DedicatedVideo/DedicatedSystem/SharedSystem, Outputs:1, VendorId:0x10de
[2022.01.22-12.57.18:942][  0]LogD3D11RHI:    1. 'Microsoft Basic Render Driver' (Feature Level 11_0)
[2022.01.22-12.57.18:942][  0]LogD3D11RHI:       0/0/8119 MB DedicatedVideo/DedicatedSystem/SharedSystem, Outputs:0, VendorId:0x1414
[2022.01.22-12.57.18:943][  0]LogD3D11RHI: Chosen D3D11 Adapter:
[2022.01.22-12.57.18:943][  0]LogD3D11RHI:     Description : NVIDIA GeForce RTX 2060
[2022.01.22-12.57.18:943][  0]LogD3D11RHI:     VendorId    : 10de
[2022.01.22-12.57.18:943][  0]LogD3D11RHI:     DeviceId    : 1f08
[2022.01.22-12.57.18:943][  0]LogD3D11RHI:     SubSysId    : 80b4144d
[2022.01.22-12.57.18:943][  0]LogD3D11RHI:     Revision    : 00a1
[2022.01.22-12.57.18:943][  0]LogD3D11RHI:     DedicatedVideoMemory : 6270484480 bytes
[2022.01.22-12.57.18:943][  0]LogD3D11RHI:     DedicatedSystemMemory : 0 bytes
[2022.01.22-12.57.18:943][  0]LogD3D11RHI:     SharedSystemMemory : 8514355200 bytes
[2022.01.22-12.57.18:943][  0]LogD3D11RHI:     AdapterLuid : 0 50484
[2022.01.22-12.57.18:948][  0]LogD3D11RHI: Creating new Direct3DDevice
[2022.01.22-12.57.18:948][  0]LogD3D11RHI:     GPU DeviceId: 0x1f08 (for the marketing name, search the web for "GPU Device Id")
[2022.01.22-12.57.18:948][  0]LogWindows: EnumDisplayDevices:
[2022.01.22-12.57.18:949][  0]LogWindows:    0. 'NVIDIA GeForce RTX 2060' (P:1 D:1)
[2022.01.22-12.57.18:950][  0]LogWindows:    1. 'NVIDIA GeForce RTX 2060' (P:0 D:0)
[2022.01.22-12.57.18:950][  0]LogWindows:    2. 'NVIDIA GeForce RTX 2060' (P:0 D:0)
[2022.01.22-12.57.18:951][  0]LogWindows:    3. 'NVIDIA GeForce RTX 2060' (P:0 D:0)
[2022.01.22-12.57.18:952][  0]LogWindows: DebugString: FoundDriverCount:4 
[2022.01.22-12.57.18:952][  0]LogD3D11RHI:     Adapter Name: NVIDIA GeForce RTX 2060
[2022.01.22-12.57.18:952][  0]LogD3D11RHI:   Driver Version: 496.13 (internal:30.0.14.9613, unified:496.13)
[2022.01.22-12.57.18:952][  0]LogD3D11RHI:      Driver Date: 10-6-2021
[2022.01.22-12.57.18:952][  0]LogRHI: Texture pool is 4186 MB (70% of 5980 MB)
[2022.01.22-12.57.18:952][  0]LogD3D11RHI: Creating D3DDevice using adapter:
[2022.01.22-12.57.18:953][  0]LogD3D11RHI:     Description : NVIDIA GeForce RTX 2060
[2022.01.22-12.57.18:953][  0]LogD3D11RHI:     VendorId    : 10de
[2022.01.22-12.57.18:953][  0]LogD3D11RHI:     DeviceId    : 1f08
[2022.01.22-12.57.18:953][  0]LogD3D11RHI:     SubSysId    : 80b4144d
[2022.01.22-12.57.18:953][  0]LogD3D11RHI:     Revision    : 00a1
[2022.01.22-12.57.18:953][  0]LogD3D11RHI:     DedicatedVideoMemory : 6270484480 bytes
[2022.01.22-12.57.18:953][  0]LogD3D11RHI:     DedicatedSystemMemory : 0 bytes
[2022.01.22-12.57.18:953][  0]LogD3D11RHI:     SharedSystemMemory : 8514355200 bytes
[2022.01.22-12.57.18:953][  0]LogD3D11RHI:     AdapterLuid : 0 50484
[2022.01.22-12.57.19:030][  0]LogD3D11RHI: RHI has support for 64 bit atomics
[2022.01.22-12.57.19:031][  0]LogD3D11RHI: Async texture creation enabled
[2022.01.22-12.57.19:031][  0]LogD3D11RHI: Array index from any shader is supported
[2022.01.22-12.57.19:047][  0]LogD3D11RHI: GPU Timing Frequency: 1000.000000 (Debug: 2 1)
[2022.01.22-12.57.19:140][  0]LogRHI: GeForceNow SDK initialized: 1
[2022.01.22-12.57.19:521][  0]LogTargetPlatformManager: Display: Loaded TargetPlatform 'AllDesktop'
[2022.01.22-12.57.19:548][  0]LogTargetPlatformManager: Display: Loaded TargetPlatform 'Android'
[2022.01.22-12.57.19:548][  0]LogTargetPlatformManager: Display: Loaded TargetPlatform 'Android_ASTC'
[2022.01.22-12.57.19:548][  0]LogTargetPlatformManager: Display: Loaded TargetPlatform 'Android_DXT'
[2022.01.22-12.57.19:548][  0]LogTargetPlatformManager: Display: Loaded TargetPlatform 'Android_ETC2'
[2022.01.22-12.57.19:548][  0]LogTargetPlatformManager: Display: Loaded TargetPlatform 'AndroidClient'
[2022.01.22-12.57.19:548][  0]LogTargetPlatformManager: Display: Loaded TargetPlatform 'Android_ASTCClient'
[2022.01.22-12.57.19:548][  0]LogTargetPlatformManager: Display: Loaded TargetPlatform 'Android_DXTClient'
[2022.01.22-12.57.19:549][  0]LogTargetPlatformManager: Display: Loaded TargetPlatform 'Android_ETC2Client'
[2022.01.22-12.57.19:549][  0]LogTargetPlatformManager: Display: Loaded TargetPlatform 'Android_Multi'
[2022.01.22-12.57.19:549][  0]LogTargetPlatformManager: Display: Loaded TargetPlatform 'Android_MultiClient'
[2022.01.22-12.57.19:602][  0]LogTargetPlatformManager: Display: Loaded TargetPlatform 'IOSClient'
[2022.01.22-12.57.19:602][  0]LogTargetPlatformManager: Display: Loaded TargetPlatform 'IOS'
[2022.01.22-12.57.19:620][  0]LogTargetPlatformManager: Display: Loaded TargetPlatform 'Linux'
[2022.01.22-12.57.19:632][  0]LogTargetPlatformManager: Display: Loaded TargetPlatform 'LinuxNoEditor'
[2022.01.22-12.57.19:645][  0]LogTargetPlatformManager: Display: Loaded TargetPlatform 'LinuxClient'
[2022.01.22-12.57.19:657][  0]LogTargetPlatformManager: Display: Loaded TargetPlatform 'LinuxServer'
[2022.01.22-12.57.19:675][  0]LogTargetPlatformManager: Display: Loaded TargetPlatform 'LinuxAArch64NoEditor'
[2022.01.22-12.57.19:687][  0]LogTargetPlatformManager: Display: Loaded TargetPlatform 'LinuxAArch64Client'
[2022.01.22-12.57.19:699][  0]LogTargetPlatformManager: Display: Loaded TargetPlatform 'LinuxAArch64Server'
[2022.01.22-12.57.19:730][  0]LogTargetPlatformManager: Display: Loaded TargetPlatform 'Lumin'
[2022.01.22-12.57.19:730][  0]LogTargetPlatformManager: Display: Loaded TargetPlatform 'LuminClient'
[2022.01.22-12.57.19:754][  0]LogTargetPlatformManager: Display: Loaded TargetPlatform 'MacNoEditor'
[2022.01.22-12.57.19:773][  0]LogTargetPlatformManager: Display: Loaded TargetPlatform 'Mac'
[2022.01.22-12.57.19:790][  0]LogTargetPlatformManager: Display: Loaded TargetPlatform 'MacClient'
[2022.01.22-12.57.19:808][  0]LogTargetPlatformManager: Display: Loaded TargetPlatform 'MacServer'
[2022.01.22-12.57.19:825][  0]LogTargetPlatformManager: Display: Loaded TargetPlatform 'TVOSClient'
[2022.01.22-12.57.19:826][  0]LogTargetPlatformManager: Display: Loaded TargetPlatform 'TVOS'
[2022.01.22-12.57.19:847][  0]LogTargetPlatformManager: Display: Loaded TargetPlatform 'WindowsNoEditor'
[2022.01.22-12.57.19:867][  0]LogTargetPlatformManager: Display: Loaded TargetPlatform 'Windows'
[2022.01.22-12.57.19:884][  0]LogTargetPlatformManager: Display: Loaded TargetPlatform 'WindowsClient'
[2022.01.22-12.57.19:901][  0]LogTargetPlatformManager: Display: Loaded TargetPlatform 'WindowsServer'
[2022.01.22-12.57.19:901][  0]LogTargetPlatformManager: Display: Building Assets For Windows
[2022.01.22-12.57.19:937][  0]LogAudioDebug: Display: Lib vorbis DLL was dynamically loaded.
[2022.01.22-12.57.20:085][  0]LogTextureFormatOodle: Display: Oodle Texture 2.9.0 init RDO Off
[2022.01.22-12.57.20:250][  0]LogRendererCore: Ray tracing is disabled. Reason: r.RayTracing=0.
[2022.01.22-12.57.20:250][  0]LogShaderCompilers: Guid format shader working directory is 7 characters bigger than the processId version (../../../../../../nolme/Learn/LearnUE4/Intermediate/Shaders/WorkingDirectory/12552/).
[2022.01.22-12.57.20:250][  0]LogShaderCompilers: Cleaned the shader compiler working directory 'C:/Users/keedo/AppData/Local/Temp/UnrealShaderWorkingDir/D7D5DC4C40B3CAF1F345718A4BEC46B9/'.
[2022.01.22-12.57.20:250][  0]LogXGEController: Cannot use XGE Controller as Incredibuild is not installed on this machine.
[2022.01.22-12.57.20:250][  0]LogShaderCompilers: Cannot use XGE Shader Compiler as Incredibuild is not installed on this machine.
[2022.01.22-12.57.20:250][  0]LogShaderCompilers: Display: Using Local Shader Compiler.
[2022.01.22-12.57.20:919][  0]LogDerivedDataCache: Display: Max Cache Size: 512 MB
[2022.01.22-12.57.20:973][  0]LogDerivedDataCache: Loaded boot cache 0.05s 103MB C:/Users/keedo/AppData/Local/UnrealEngine/4.27/DerivedDataCache/Boot.ddc.
[2022.01.22-12.57.20:973][  0]LogDerivedDataCache: Display: Loaded Boot cache: C:/Users/keedo/AppData/Local/UnrealEngine/4.27/DerivedDataCache/Boot.ddc
[2022.01.22-12.57.20:974][  0]LogDerivedDataCache: FDerivedDataBackendGraph:  Pak pak cache file ../../../../../../nolme/Learn/LearnUE4/DerivedDataCache/DDC.ddp not found, will not use a pak cache.
[2022.01.22-12.57.20:974][  0]LogDerivedDataCache: Unable to find inner node Pak for hierarchical cache Hierarchy.
[2022.01.22-12.57.20:974][  0]LogDerivedDataCache: FDerivedDataBackendGraph:  CompressedPak pak cache file ../../../../../../nolme/Learn/LearnUE4/DerivedDataCache/Compressed.ddp not found, will not use a pak cache.
[2022.01.22-12.57.20:974][  0]LogDerivedDataCache: Unable to find inner node CompressedPak for hierarchical cache Hierarchy.
[2022.01.22-12.57.20:988][  0]LogDerivedDataCache: Display: Pak cache opened for reading ../../../Engine/DerivedDataCache/Compressed.ddp.
[2022.01.22-12.57.20:988][  0]LogDerivedDataCache: FDerivedDataBackendGraph:  EnterprisePak pak cache file ../../../Enterprise/DerivedDataCache/Compressed.ddp not found, will not use a pak cache.
[2022.01.22-12.57.20:988][  0]LogDerivedDataCache: Unable to find inner node EnterprisePak for hierarchical cache Hierarchy.
[2022.01.22-12.57.21:005][  0]LogDerivedDataCache: Speed tests for C:/Users/keedo/AppData/Local/UnrealEngine/Common/DerivedDataCache took 0.02 seconds
[2022.01.22-12.57.21:005][  0]LogDerivedDataCache: Display: Performance to C:/Users/keedo/AppData/Local/UnrealEngine/Common/DerivedDataCache: Latency=0.04ms. RandomReadSpeed=524.30MBs, RandomWriteSpeed=63.50MBs. Assigned SpeedClass 'Local'
[2022.01.22-12.57.21:007][  0]LogDerivedDataCache: Using Local data cache path C:/Users/keedo/AppData/Local/UnrealEngine/Common/DerivedDataCache: Writable
[2022.01.22-12.57.21:007][  0]LogDerivedDataCache: Shared data cache path not found in *engine.ini, will not use an Shared cache.
[2022.01.22-12.57.21:007][  0]LogDerivedDataCache: Unable to find inner node Shared for hierarchical cache Hierarchy.
[2022.01.22-12.57.21:045][  0]LogSlate: Using FreeType 2.10.0
[2022.01.22-12.57.21:046][  0]LogSlate: SlateFontServices - WITH_FREETYPE: 1, WITH_HARFBUZZ: 1
[2022.01.22-12.57.21:090][  0]LogAssetRegistry: FAssetRegistry took 0.0041 seconds to start up
[2022.01.22-12.57.21:300][  0]LogInit: Selected Device Profile: [Windows]
[2022.01.22-12.57.21:300][  0]LogInit: Active device profile: [000001652BFF6800][000001651F0BC200 49] Windows
[2022.01.22-12.57.21:300][  0]LogInit: Profiles: [000001652BFF6800][000001651F0BC200 49] Windows, [000001652BFC1A00][000001651F0C0340 49] WindowsNoEditor, [000001652BFF5A00][000001651F0CC480 49] WindowsServer, [000001652BFC2900][000001652BF825C0 49] WindowsClient, [000001652BFF6C00][000001652BF86700 49] IOS, [000001652BFC3E00][000001652BDFC880 49] iPadAir, [000001652BFF6600][000001652BF8AA00 49] iPadAir2, [000001652CF3AB00][000001652BF8ECC0 49] IPadPro, [000001652CF3AC00][00000165219B8D00 49] iPadAir3, [000001652BFF5C00][000001652BF92E80 49] iPadAir4, [000001652CF3B300][000001652BF97000 49] iPadMini2, [000001652BFF5D00][000001652BF9B180 49] iPadMini3, [000001652CF3B600][0000016523109300 49] iPadMini4, [000001652BFF5E00][000001652310D480 49] iPadMini5, [000001652BFE2400][000001652D051740 49] iPhone6, [000001652BFE2500][0000016523111780 49] iPodTouch6, [000001652CF39400][000001652D067A40 49] iPhone7, [000001652CF39300][000001652D059A80 49] iPodTouch7, [000001652BFE2B00][000001652D06BC00 49] iPhone5S, [000001652CF38C00][000001652D06E200 49] iPhone6Plus, [000001652BFE1600][000001652D072380 49] iPhone6S, [000001652CF39A00][000001652D076500 49] iPhone6SPlus, [000001652BFE1700][000001652BDF8640 49] iPhone7Plus, [000001652CF3A300][000001652BD3A780 49] iPhoneSE, [000001652BFE2100][000001652BD3E8C0 49] iPhone8, [000001652CF39700][000001652D0F6A40 49] iPhone8Plus, [000001652BFE1C00][000001652D126BC0 49] iPhoneX, [000001652CF3A000][000001652D12AD40 49] iPhoneXS, [000001652BFE0400][000001652D12EEC0 49] iPhoneXSMax, [000001652CF39800][000001652D137040 49] iPhoneXR, [000001652BFE3100][000001652D7BD1C0 49] iPhone11, [000001652CF38900][000001652BE3F340 49] iPhone11Pro, [000001652BFE0F00][000001652BE434C0 49] iPhone11ProMax, [000001652CF3A900][000001652BE47640 49] iPhoneSE2, [000001652BFE3700][000001652BE4B7C0 49] iPhone12Mini, [000001652CF38100][00000165230BB940 49] iPhone12, [000001652BFE0E00][000001652D133AC0 49] iPhone12Pro, [000001652CF3BF00][000001652BE5A0C0 49] iPhone12ProMax, [000001652BFE3D00][000001652BDDC240 49] iPadPro105, [000001652CF3AE00][000001652BDE03C0 49] iPadPro129, [000001652BFE2300][000001652BDE4540 49] iPadPro97, [000001652CF3BC00][00000165231046C0 49] iPadPro2_129, [000001652BFE2A00][000001652D0EA800 49] iPad5, [000001652CF38700][000001651F0C4940 49] iPad6, [000001652BFE2E00][000001651F0C8A80 49] iPad7, [000001652CF38400][000001652BDE8BC0 49] iPad8, [000001652BFE0200][000001652BDF0D40 49] iPadPro11, [000001652BFC1D00][000001652BDF4EC0 49] iPadPro2_11, [000001652C180D00][000001652BF3B040 49] iPadPro3_129, [000001652BFC3200][000001652BF3F1C0 49] iPadPro4_129, [000001652C180500][000001652BF43340 49] AppleTV, [000001652BFC3A00][000001652BF474C0 49] AppleTV4K, [000001652C180A00][000001652BF4B640 49] TVOS, [000001652BFC2A00][000001652BF4F7C0 49] Mac, [000001652C180700][000001652BF53940 49] MacClient, [000001652BFC1100][000001652BF57AC0 49] MacNoEditor, [000001652C181200][000001652BF5A0C0 49] MacServer, [000001652BFC0200][000001652BF5E240 49] Linux, [000001652C181700][00000165219903C0 49] LinuxAArch64, [000001652BFE0300][0000016521994540 49] LinuxNoEditor, [000001652CF3A500][00000165219986C0 49] LinuxAArch64NoEditor, [000001652BFE3000][000001652199C840 49] LinuxClient, [000001652CF3B400][000001652BDEC980 49] LinuxAArch64Client, [000001652BFE3A00][00000165219A0AC0 49] LinuxServer, [000001652CF39900][00000165219A4C00 49] LinuxAArch64Server, [000001652BFE2F00][00000165219A8D40 49] Android, [000001652CF38A00][00000165219B0EC0 49] Android_Low, [000001652BFE3500][00000165219B5040 49] Android_Mid, [000001652CF39200][00000165230BF1C0 49] Android_High, [000001652BFE3C00][00000165230C3340 49] Android_Default, [000001652CF3B800][00000165230C74C0 49] Android_Adreno4xx, [000001652BFE2600][00000165230CB640 49] Android_Adreno5xx_Low, [000001652CF38800][00000165230CF7C0 49] Android_Adreno5xx, [000001652BFE1500][00000165230D3940 49] Android_Adreno6xx, [000001652CF3BE00][00000165230D7AC0 49] Android_Adreno6xx_Vulkan, [000001652BFE1E00][00000165230DA0C0 49] Android_Mali_T6xx, [000001652CF3B700][00000165230DE240 49] Android_Mali_T7xx, [000001652BFE2000][00000165230E23C0 49] Android_Mali_T8xx, [000001652CF39F00][00000165230E6540 49] Android_Mali_G71, [000001652BFE1B00][00000165230EA6C0 49] Android_Mali_G72, [000001652CF3BD00][00000165230EE840 49] Android_Mali_G72_Vulkan, [000001652BFE0500][00000165230F29C0 49] Android_Mali_G76, [000001652CF3B500][000001652D07AB40 49] Android_Mali_G76_Vulkan, [000001652BFE3E00][00000165219ACC80 49] Android_Mali_G77, [000001652CF39D00][000001652D07EDC0 49] Android_Mali_G77_Vulkan, [000001652BFE3200][000001652D082F00 49] Android_Mali_G78, [000001652C180200][000001652D08B080 49] Android_Mali_G78_Vulkan, [000001652BFE1A00][000001652D08F200 49] Android_Mali_G710, [000001652CF3B200][000001652D093380 49] Android_Mali_G710_Vulkan, [000001652BFE1000][000001652D097500 49] Android_Vulkan_SM5, [000001652CF3A600][000001652D09B680 49] Android_PowerVR_G6xxx, [000001652BFE2900][000001652D09F800 49] Android_PowerVR_GT7xxx, [000001652CF3A800][000001652D0A3980 49] Android_PowerVR_GE8xxx, [000001652BFE2D00][000001652D0A7B00 49] Android_PowerVR_GM9xxx, [000001652CF39500][000001652D0AA100 49] Android_PowerVR_GM9xxx_Vulkan, [000001652BFE1100][000001652D0AE280 49] Android_TegraK1, [000001652CF3A700][000001652D0B2400 49] Android_Unknown_Vulkan, [000001652BFE0800][000001652D0B6580 49] Lumin, [000001652CF39000][000001652D0BA700 49] Lumin_Desktop, [000001652BFE0A00][000001652D0BE880 49] HoloLens, 
[2022.01.22-12.57.21:533][  0]LogMeshReduction: Using QuadricMeshReduction for automatic static mesh reduction
[2022.01.22-12.57.21:534][  0]LogMeshReduction: Using SimplygonMeshReduction for automatic skeletal mesh reduction
[2022.01.22-12.57.21:534][  0]LogMeshReduction: Using ProxyLODMeshReduction for automatic mesh merging
[2022.01.22-12.57.21:534][  0]LogMeshReduction: No distributed automatic mesh merging module available
[2022.01.22-12.57.21:534][  0]LogMeshMerging: No distributed automatic mesh merging module available
[2022.01.22-12.57.21:561][  0]LogNetVersion: LearnUE4 1.0.0, NetCL: 17155196, EngineNetVer: 17, GameNetVer: 0 (Checksum: 1236896107)
[2022.01.22-12.57.21:936][  0]LogTexture: Default maximum texture size for cubemaps generated from long-lat sources has been changed from 512 to unlimited. In order to preserve old behaiour for '/Engine/MapTemplates/Sky/DaylightAmbientCubemap.DaylightAmbientCubemap', its maximum texture size has been explicitly set to 512.
[2022.01.22-12.57.21:991][  0]LogHMD: PokeAHoleMaterial loaded successfully
[2022.01.22-12.57.21:997][  0]LogUObjectArray: 17178 objects as part of root set at end of initial load.
[2022.01.22-12.57.21:997][  0]LogUObjectAllocator: 4302048 out of 0 bytes used by permanent object pool.
[2022.01.22-12.57.21:997][  0]LogUObjectArray: CloseDisregardForGC: 0/0 objects in disregard for GC pool
[2022.01.22-12.57.23:087][  0]LogNiagaraDebuggerClient: Niagara Debugger Client Initialized | Session: 4E94C78E41FE455D5C3F76AB94D7B40E | Instance: 7836CE054E5768A356C547BC56E02B31 (DESKTOP-VBCTTQG-12552).
[2022.01.22-12.57.23:212][  0]LogPython: Using Python 3.7.7
[2022.01.22-12.57.23:963][  0]LogTcpMessaging: Initializing TcpMessaging bridge
[2022.01.22-12.57.23:980][  0]LogUdpMessaging: Initializing bridge on interface 0.0.0.0:0 to multicast group 230.0.0.1:6666.
[2022.01.22-12.57.25:252][  0]SourceControl: Source control is disabled
[2022.01.22-12.57.25:252][  0]SourceControl: Source control is disabled
[2022.01.22-12.57.25:273][  0]SourceControl: Source control is disabled
[2022.01.22-12.57.25:290][  0]SourceControl: Source control is disabled
[2022.01.22-12.57.25:457][  0]SourceControl: Source control is disabled
[2022.01.22-12.57.25:579][  0]LogUProjectInfo: Found projects:
[2022.01.22-12.57.26:457][  0]LogOpenImageDenoise: OIDN starting up
[2022.01.22-12.57.26:651][  0]LogAndroidPermission: UAndroidPermissionCallbackProxy::GetInstance
[2022.01.22-12.57.26:752][  0]LogAudioCaptureCore: Display: No Audio Capture implementations found. Audio input will be silent.
[2022.01.22-12.57.26:752][  0]LogAudioCaptureCore: Display: No Audio Capture implementations found. Audio input will be silent.
[2022.01.22-12.57.27:059][  0]LogCollectionManager: Loaded 0 collections in 0.001927 seconds
[2022.01.22-12.57.27:151][  0]LogFileCache: Scanning file cache for directory 'C:/nolme/Learn/LearnUE4/Saved/Collections/' took 0.00s
[2022.01.22-12.57.27:151][  0]LogFileCache: Scanning file cache for directory 'C:/nolme/Learn/LearnUE4/Content/Developers/keedo/Collections/' took 0.00s
[2022.01.22-12.57.27:152][  0]LogFileCache: Scanning file cache for directory 'C:/nolme/Learn/LearnUE4/Content/Collections/' took 0.00s
[2022.01.22-12.57.27:159][  0]LogOcInput: OculusInput pre-init called
[2022.01.22-12.57.27:467][  0]LogEngine: Initializing Engine...
[2022.01.22-12.57.27:477][  0]LogHMD: Failed to enumerate extensions. Please check that you have a valid OpenXR runtime installed.
[2022.01.22-12.57.27:477][  0]LogHMD: Failed to initialize OpenVR with code 110
[2022.01.22-12.57.27:478][  0]LogMagicLeap: Warning: VR disabled because ZI is not enabled.  To enable, in the editor, Edit -> Project Settings -> Plugins -> Magic Leap Plugin -> Enable Zero Iteration
[2022.01.22-12.57.27:478][  0]LogStats: UGameplayTagsManager::InitializeManager -  0.000 s
[2022.01.22-12.57.27:589][  0]LogInit: Initializing FReadOnlyCVARCache
[2022.01.22-12.57.27:615][  0]LogAIModule: Creating AISystem for world Untitled
[2022.01.22-12.57.27:620][  0]LogAudio: Display: Initializing Audio Device Manager...
[2022.01.22-12.57.27:637][  0]LogAudio: Display: Loading Default Audio Settings Objects...
[2022.01.22-12.57.27:638][  0]LogAudio: Display: No default SoundConcurrencyObject specified (or failed to load).
[2022.01.22-12.57.27:638][  0]LogAudio: Display: Audio Device Manager Initialized
[2022.01.22-12.57.27:638][  0]LogAudio: Display: Creating Audio Device:                 Id: 1, Scope: Shared, Realtime: True
[2022.01.22-12.57.27:638][  0]LogAudioMixer: Display: Audio Mixer Platform Settings:
[2022.01.22-12.57.27:638][  0]LogAudioMixer: Display: 	Sample Rate:						  48000
[2022.01.22-12.57.27:638][  0]LogAudioMixer: Display: 	Callback Buffer Frame Size Requested: 1024
[2022.01.22-12.57.27:638][  0]LogAudioMixer: Display: 	Callback Buffer Frame Size To Use:	  1024
[2022.01.22-12.57.27:638][  0]LogAudioMixer: Display: 	Number of buffers to queue:			  2
[2022.01.22-12.57.27:638][  0]LogAudioMixer: Display: 	Max Channels (voices):				  32
[2022.01.22-12.57.27:638][  0]LogAudioMixer: Display: 	Number of Async Source Workers:		  0
[2022.01.22-12.57.27:638][  0]LogAudio: Display: AudioDevice MaxSources: 32
[2022.01.22-12.57.27:639][  0]LogAudio: Display: Audio Spatialization Plugin: None (built-in).
[2022.01.22-12.57.27:639][  0]LogAudio: Display: Audio Reverb Plugin: None (built-in).
[2022.01.22-12.57.27:639][  0]LogAudio: Display: Audio Occlusion Plugin: None (built-in).
[2022.01.22-12.57.27:639][  0]LogAudioMixer: Display: Initializing audio mixer.
[2022.01.22-12.57.27:674][  0]LogAudioMixer: Display: 0: FrontLeft
[2022.01.22-12.57.27:674][  0]LogAudioMixer: Display: 1: FrontRight
[2022.01.22-12.57.27:746][  0]LogAudioMixer: Display: Using Audio Device 스피커(Realtek(R) Audio)
[2022.01.22-12.57.27:746][  0]LogAudioMixer: Display: Initializing Sound Submixes...
[2022.01.22-12.57.27:749][  0]LogAudioMixer: Display: Creating Master Submix 'MasterSubmixDefault'
[2022.01.22-12.57.27:749][  0]LogAudioMixer: Display: Creating Master Submix 'MasterReverbSubmixDefault'
[2022.01.22-12.57.27:750][  0]LogAudioMixer: Display: Creating Master Submix 'MasterEQSubmixDefault'
[2022.01.22-12.57.27:750][  0]LogAudioMixer: FMixerPlatformXAudio2::StartAudioStream() called
[2022.01.22-12.57.27:750][  0]LogAudioMixer: Display: Output buffers initialized: Frames=1024, Channels=2, Samples=2048
[2022.01.22-12.57.27:751][  0]LogAudioMixer: Display: Starting AudioMixerPlatformInterface::RunInternal()
[2022.01.22-12.57.27:751][  0]LogAudioMixer: Display: FMixerPlatformXAudio2::SubmitBuffer() called for the first time
[2022.01.22-12.57.27:751][  0]LogInit: FAudioDevice initialized.
[2022.01.22-12.57.27:752][  0]LogAudio: Display: Audio Device (ID: 1) registered with world 'Untitled'.
[2022.01.22-12.57.27:752][  0]LogNetVersion: Set ProjectVersion to 1.0.0.0. Version Checksum will be recalculated on next use.
[2022.01.22-12.57.27:840][  0]LogDerivedDataCache: Saved boot cache 0.09s 103MB C:/Users/keedo/AppData/Local/UnrealEngine/4.27/DerivedDataCache/Boot.ddc.
[2022.01.22-12.57.27:840][  0]LogInit: Texture streaming: Enabled
[2022.01.22-12.57.27:884][  0]LogAnalytics: Display: [UEEditor.Rocket.Release] APIServer = https://datarouter.ol.epicgames.com/. AppVersion = 4.27.2-18319896+++UE4+Release-4.27
[2022.01.22-12.57.27:899][  0]LogEngineSessionManager: EngineSessionManager initialized
[2022.01.22-12.57.27:900][  0]LogEditorSessionSummary: Verbose: Initializing EditorSessionSummaryWriter for editor session tracking
[2022.01.22-12.57.27:908][  0]LogEditorSessionSummary: EditorSessionSummaryWriter initialized
[2022.01.22-12.57.27:949][  0]LogInit: Transaction tracking system initialized
[2022.01.22-12.57.28:047][  0]BlueprintLog: New page: Editor Load
[2022.01.22-12.57.28:296][  0]LocalizationService: Localization service is disabled
[2022.01.22-12.57.28:398][  0]TimingProfiler: Initialize
[2022.01.22-12.57.28:398][  0]TimingProfiler: OnSessionChanged
[2022.01.22-12.57.28:398][  0]LoadingProfiler: Initialize
[2022.01.22-12.57.28:398][  0]LoadingProfiler: OnSessionChanged
[2022.01.22-12.57.28:399][  0]NetworkingProfiler: Initialize
[2022.01.22-12.57.28:399][  0]NetworkingProfiler: OnSessionChanged
[2022.01.22-12.57.28:399][  0]MemoryProfiler: Initialize
[2022.01.22-12.57.28:399][  0]MemoryProfiler: OnSessionChanged
[2022.01.22-12.57.28:734][  0]LogCook: Display: CookSettings for Memory: MemoryMaxUsedVirtual 0MiB, MemoryMaxUsedPhysical 16384MiB, MemoryMinFreeVirtual 0MiB, MemoryMinFreePhysical 1024MiB
[2022.01.22-12.57.28:735][  0]LogCook: Display: Mobile HDR setting 1
[2022.01.22-12.57.29:165][  0]LogFileCache: Scanning file cache for directory 'C:/nolme/Learn/LearnUE4/Content/' took 0.02s
[2022.01.22-12.57.29:554][  0]LogInit: Display: Engine is initialized. Leaving FEngineLoop::Init()
[2022.01.22-12.57.29:560][  0]SourceControl: Source control is disabled
[2022.01.22-12.57.29:560][  0]LogUnrealEdMisc: Loading editor; pre map load, took 13.837
[2022.01.22-12.57.29:560][  0]Cmd: MAP LOAD FILE="../../../../../../nolme/Learn/LearnUE4/Content/ThirdPersonCPP/Maps/ThirdPersonExampleMap.umap" TEMPLATE=0 SHOWPROGRESS=1 FEATURELEVEL=3
[2022.01.22-12.57.29:562][  0]LightingResults: New page: Lighting Build
[2022.01.22-12.57.29:564][  0]LogWorld: UWorld::CleanupWorld for Untitled, bSessionEnded=true, bCleanupResources=true
[2022.01.22-12.57.29:564][  0]LogSlate: InvalidateAllWidgets triggered.  All widgets were invalidated
[2022.01.22-12.57.29:564][  0]MapCheck: New page: Map Check
[2022.01.22-12.57.29:564][  0]LightingResults: New page: Lighting Build
[2022.01.22-12.57.29:569][  0]LogAudio: Display: Audio Device unregistered from world 'None'.
[2022.01.22-12.57.29:572][  0]LogUObjectHash: Compacting FUObjectHashTables data took   0.73ms
[2022.01.22-12.57.29:653][  0]LogAudio: Display: Audio Device (ID: 1) registered with world 'ThirdPersonExampleMap'.
[2022.01.22-12.57.29:653][  0]LogAIModule: Creating AISystem for world ThirdPersonExampleMap
[2022.01.22-12.59.34:503][  0]LogEditorServer: Finished looking for orphan Actors (0.000 secs)
[2022.01.22-12.59.55:849][  0]LogUObjectHash: Compacting FUObjectHashTables data took   0.71ms
[2022.01.22-12.59.55:849][  0]Cmd: MAP CHECKDEP NOCLEARLOG
[2022.01.22-12.59.55:850][  0]MapCheck: Map check complete: 0 Error(s), 0 Warning(s), took 0.159ms to complete.
[2022.01.22-12.59.55:850][  0]LogFileHelpers: Loading map 'ThirdPersonExampleMap' took 146.289
[2022.01.22-12.59.55:852][  0]LogUnrealEdMisc: Total Editor Startup Time, took 160.130
[2022.01.22-12.59.56:112][  0]LogSlate: Updating window title bar state: overlay mode, drag disabled, window buttons hidden, title bar hidden
[2022.01.22-12.59.56:117][  0]LogSlate: Updating window title bar state: overlay mode, drag disabled, window buttons hidden, title bar hidden
[2022.01.22-12.59.56:122][  0]LogSlate: Updating window title bar state: overlay mode, drag disabled, window buttons hidden, title bar hidden
[2022.01.22-12.59.56:127][  0]LogSlate: Updating window title bar state: overlay mode, drag disabled, window buttons hidden, title bar hidden
[2022.01.22-12.59.56:160][  0]LogNativeClassHierarchy: Verbose: Native class hierarchy populated in 0.0079 seconds. Added 3824 classes and 930 folders.
[2022.01.22-12.59.56:169][  0]LogNativeClassHierarchy: Verbose: Native class hierarchy updated for 'WidgetCarousel' in 0.0002 seconds. Added 0 classes and 0 folders.
[2022.01.22-12.59.56:175][  0]LogPakFile: PakFile PrimaryIndexSize=187
[2022.01.22-12.59.56:175][  0]LogPakFile: PakFile PathHashIndexSize=101
[2022.01.22-12.59.56:175][  0]LogPakFile: PakFile FullDirectoryIndexSize=148
[2022.01.22-12.59.56:176][  0]LogShaderLibrary: Display: ShaderCodeLibraryPakFileMountedCallback: PakFile 'C:/Program Files/Epic Games/UE_4.27/FeaturePacks/FP_FirstPerson.upack' (chunk index -1, root 'root:/') mounted
[2022.01.22-12.59.56:176][  0]LogShaderLibrary: Display: ShaderCodeLibraryPakFileMountedCallback: pending pak file info (ChunkID:-1 Root:root:/ File:C:/Program Files/Epic Games/UE_4.27/FeaturePacks/FP_FirstPerson.upack)
[2022.01.22-12.59.56:176][  0]LogPakFile: OnPakFileMounted2Time == 0.001388
[2022.01.22-12.59.56:178][  0]LogPakFile: PakFile PrimaryIndexSize=189
[2022.01.22-12.59.56:178][  0]LogPakFile: PakFile PathHashIndexSize=101
[2022.01.22-12.59.56:178][  0]LogPakFile: PakFile FullDirectoryIndexSize=152
[2022.01.22-12.59.56:178][  0]LogShaderLibrary: Display: ShaderCodeLibraryPakFileMountedCallback: PakFile 'C:/Program Files/Epic Games/UE_4.27/FeaturePacks/FP_FirstPersonBP.upack' (chunk index -1, root 'root:/') mounted
[2022.01.22-12.59.56:178][  0]LogShaderLibrary: Display: ShaderCodeLibraryPakFileMountedCallback: pending pak file info (ChunkID:-1 Root:root:/ File:C:/Program Files/Epic Games/UE_4.27/FeaturePacks/FP_FirstPersonBP.upack)
[2022.01.22-12.59.56:178][  0]LogPakFile: OnPakFileMounted2Time == 0.000098
[2022.01.22-12.59.56:180][  0]LogPakFile: PakFile PrimaryIndexSize=191
[2022.01.22-12.59.56:180][  0]LogPakFile: PakFile PathHashIndexSize=101
[2022.01.22-12.59.56:180][  0]LogPakFile: PakFile FullDirectoryIndexSize=160
[2022.01.22-12.59.56:180][  0]LogShaderLibrary: Display: ShaderCodeLibraryPakFileMountedCallback: PakFile 'C:/Program Files/Epic Games/UE_4.27/FeaturePacks/MobileStarterContent.upack' (chunk index -1, root 'root:/') mounted
[2022.01.22-12.59.56:180][  0]LogShaderLibrary: Display: ShaderCodeLibraryPakFileMountedCallback: pending pak file info (ChunkID:-1 Root:root:/ File:C:/Program Files/Epic Games/UE_4.27/FeaturePacks/MobileStarterContent.upack)
[2022.01.22-12.59.56:180][  0]LogPakFile: OnPakFileMounted2Time == 0.000137
[2022.01.22-12.59.56:182][  0]LogPakFile: PakFile PrimaryIndexSize=185
[2022.01.22-12.59.56:182][  0]LogPakFile: PakFile PathHashIndexSize=101
[2022.01.22-12.59.56:182][  0]LogPakFile: PakFile FullDirectoryIndexSize=148
[2022.01.22-12.59.56:182][  0]LogShaderLibrary: Display: ShaderCodeLibraryPakFileMountedCallback: PakFile 'C:/Program Files/Epic Games/UE_4.27/FeaturePacks/StarterContent.upack' (chunk index -1, root 'root:/') mounted
[2022.01.22-12.59.56:182][  0]LogShaderLibrary: Display: ShaderCodeLibraryPakFileMountedCallback: pending pak file info (ChunkID:-1 Root:root:/ File:C:/Program Files/Epic Games/UE_4.27/FeaturePacks/StarterContent.upack)
[2022.01.22-12.59.56:182][  0]LogPakFile: OnPakFileMounted2Time == 0.000113
[2022.01.22-12.59.56:183][  0]LogPakFile: PakFile PrimaryIndexSize=190
[2022.01.22-12.59.56:183][  0]LogPakFile: PakFile PathHashIndexSize=101
[2022.01.22-12.59.56:184][  0]LogPakFile: PakFile FullDirectoryIndexSize=154
[2022.01.22-12.59.56:184][  0]LogShaderLibrary: Display: ShaderCodeLibraryPakFileMountedCallback: PakFile 'C:/Program Files/Epic Games/UE_4.27/FeaturePacks/TP_2DSideScroller.upack' (chunk index -1, root 'root:/') mounted
[2022.01.22-12.59.56:184][  0]LogShaderLibrary: Display: ShaderCodeLibraryPakFileMountedCallback: pending pak file info (ChunkID:-1 Root:root:/ File:C:/Program Files/Epic Games/UE_4.27/FeaturePacks/TP_2DSideScroller.upack)
[2022.01.22-12.59.56:184][  0]LogPakFile: OnPakFileMounted2Time == 0.000108
[2022.01.22-12.59.56:186][  0]LogPakFile: PakFile PrimaryIndexSize=192
[2022.01.22-12.59.56:186][  0]LogPakFile: PakFile PathHashIndexSize=101
[2022.01.22-12.59.56:186][  0]LogPakFile: PakFile FullDirectoryIndexSize=158
[2022.01.22-12.59.56:186][  0]LogShaderLibrary: Display: ShaderCodeLibraryPakFileMountedCallback: PakFile 'C:/Program Files/Epic Games/UE_4.27/FeaturePacks/TP_2DSideScrollerBP.upack' (chunk index -1, root 'root:/') mounted
[2022.01.22-12.59.56:186][  0]LogShaderLibrary: Display: ShaderCodeLibraryPakFileMountedCallback: pending pak file info (ChunkID:-1 Root:root:/ File:C:/Program Files/Epic Games/UE_4.27/FeaturePacks/TP_2DSideScrollerBP.upack)
[2022.01.22-12.59.56:186][  0]LogPakFile: OnPakFileMounted2Time == 0.000112
[2022.01.22-12.59.56:188][  0]LogPakFile: PakFile PrimaryIndexSize=182
[2022.01.22-12.59.56:188][  0]LogPakFile: PakFile PathHashIndexSize=101
[2022.01.22-12.59.56:188][  0]LogPakFile: PakFile FullDirectoryIndexSize=138
[2022.01.22-12.59.56:188][  0]LogShaderLibrary: Display: ShaderCodeLibraryPakFileMountedCallback: PakFile 'C:/Program Files/Epic Games/UE_4.27/FeaturePacks/TP_Flying.upack' (chunk index -1, root 'root:/') mounted
[2022.01.22-12.59.56:188][  0]LogShaderLibrary: Display: ShaderCodeLibraryPakFileMountedCallback: pending pak file info (ChunkID:-1 Root:root:/ File:C:/Program Files/Epic Games/UE_4.27/FeaturePacks/TP_Flying.upack)
[2022.01.22-12.59.56:188][  0]LogPakFile: OnPakFileMounted2Time == 0.000096
[2022.01.22-12.59.56:189][  0]LogPakFile: PakFile PrimaryIndexSize=184
[2022.01.22-12.59.56:189][  0]LogPakFile: PakFile PathHashIndexSize=101
[2022.01.22-12.59.56:189][  0]LogPakFile: PakFile FullDirectoryIndexSize=142
[2022.01.22-12.59.56:189][  0]LogShaderLibrary: Display: ShaderCodeLibraryPakFileMountedCallback: PakFile 'C:/Program Files/Epic Games/UE_4.27/FeaturePacks/TP_FlyingBP.upack' (chunk index -1, root 'root:/') mounted
[2022.01.22-12.59.56:189][  0]LogShaderLibrary: Display: ShaderCodeLibraryPakFileMountedCallback: pending pak file info (ChunkID:-1 Root:root:/ File:C:/Program Files/Epic Games/UE_4.27/FeaturePacks/TP_FlyingBP.upack)
[2022.01.22-12.59.56:189][  0]LogPakFile: OnPakFileMounted2Time == 0.000118
[2022.01.22-12.59.56:191][  0]LogPakFile: PakFile PrimaryIndexSize=188
[2022.01.22-12.59.56:191][  0]LogPakFile: PakFile PathHashIndexSize=101
[2022.01.22-12.59.56:191][  0]LogPakFile: PakFile FullDirectoryIndexSize=150
[2022.01.22-12.59.56:191][  0]LogShaderLibrary: Display: ShaderCodeLibraryPakFileMountedCallback: PakFile 'C:/Program Files/Epic Games/UE_4.27/FeaturePacks/TP_HandheldARBP.upack' (chunk index -1, root 'root:/') mounted
[2022.01.22-12.59.56:191][  0]LogShaderLibrary: Display: ShaderCodeLibraryPakFileMountedCallback: pending pak file info (ChunkID:-1 Root:root:/ File:C:/Program Files/Epic Games/UE_4.27/FeaturePacks/TP_HandheldARBP.upack)
[2022.01.22-12.59.56:191][  0]LogPakFile: OnPakFileMounted2Time == 0.000104
[2022.01.22-12.59.56:194][  0]LogPakFile: PakFile PrimaryIndexSize=182
[2022.01.22-12.59.56:194][  0]LogPakFile: PakFile PathHashIndexSize=101
[2022.01.22-12.59.56:194][  0]LogPakFile: PakFile FullDirectoryIndexSize=138
[2022.01.22-12.59.56:194][  0]LogShaderLibrary: Display: ShaderCodeLibraryPakFileMountedCallback: PakFile 'C:/Program Files/Epic Games/UE_4.27/FeaturePacks/TP_Puzzle.upack' (chunk index -1, root 'root:/') mounted
[2022.01.22-12.59.56:194][  0]LogShaderLibrary: Display: ShaderCodeLibraryPakFileMountedCallback: pending pak file info (ChunkID:-1 Root:root:/ File:C:/Program Files/Epic Games/UE_4.27/FeaturePacks/TP_Puzzle.upack)
[2022.01.22-12.59.56:194][  0]LogPakFile: OnPakFileMounted2Time == 0.000104
[2022.01.22-12.59.56:196][  0]LogPakFile: PakFile PrimaryIndexSize=184
[2022.01.22-12.59.56:196][  0]LogPakFile: PakFile PathHashIndexSize=101
[2022.01.22-12.59.56:196][  0]LogPakFile: PakFile FullDirectoryIndexSize=142
[2022.01.22-12.59.56:196][  0]LogShaderLibrary: Display: ShaderCodeLibraryPakFileMountedCallback: PakFile 'C:/Program Files/Epic Games/UE_4.27/FeaturePacks/TP_PuzzleBP.upack' (chunk index -1, root 'root:/') mounted
[2022.01.22-12.59.56:196][  0]LogShaderLibrary: Display: ShaderCodeLibraryPakFileMountedCallback: pending pak file info (ChunkID:-1 Root:root:/ File:C:/Program Files/Epic Games/UE_4.27/FeaturePacks/TP_PuzzleBP.upack)
[2022.01.22-12.59.56:196][  0]LogPakFile: OnPakFileMounted2Time == 0.000115
[2022.01.22-12.59.56:197][  0]LogPakFile: PakFile PrimaryIndexSize=183
[2022.01.22-12.59.56:197][  0]LogPakFile: PakFile PathHashIndexSize=101
[2022.01.22-12.59.56:197][  0]LogPakFile: PakFile FullDirectoryIndexSize=140
[2022.01.22-12.59.56:197][  0]LogShaderLibrary: Display: ShaderCodeLibraryPakFileMountedCallback: PakFile 'C:/Program Files/Epic Games/UE_4.27/FeaturePacks/TP_Rolling.upack' (chunk index -1, root 'root:/') mounted
[2022.01.22-12.59.56:197][  0]LogShaderLibrary: Display: ShaderCodeLibraryPakFileMountedCallback: pending pak file info (ChunkID:-1 Root:root:/ File:C:/Program Files/Epic Games/UE_4.27/FeaturePacks/TP_Rolling.upack)
[2022.01.22-12.59.56:197][  0]LogPakFile: OnPakFileMounted2Time == 0.000115
[2022.01.22-12.59.56:199][  0]LogPakFile: PakFile PrimaryIndexSize=185
[2022.01.22-12.59.56:199][  0]LogPakFile: PakFile PathHashIndexSize=101
[2022.01.22-12.59.56:199][  0]LogPakFile: PakFile FullDirectoryIndexSize=144
[2022.01.22-12.59.56:199][  0]LogShaderLibrary: Display: ShaderCodeLibraryPakFileMountedCallback: PakFile 'C:/Program Files/Epic Games/UE_4.27/FeaturePacks/TP_RollingBP.upack' (chunk index -1, root 'root:/') mounted
[2022.01.22-12.59.56:199][  0]LogShaderLibrary: Display: ShaderCodeLibraryPakFileMountedCallback: pending pak file info (ChunkID:-1 Root:root:/ File:C:/Program Files/Epic Games/UE_4.27/FeaturePacks/TP_RollingBP.upack)
[2022.01.22-12.59.56:199][  0]LogPakFile: OnPakFileMounted2Time == 0.000105
[2022.01.22-12.59.56:200][  0]LogPakFile: PakFile PrimaryIndexSize=188
[2022.01.22-12.59.56:200][  0]LogPakFile: PakFile PathHashIndexSize=101
[2022.01.22-12.59.56:200][  0]LogPakFile: PakFile FullDirectoryIndexSize=150
[2022.01.22-12.59.56:200][  0]LogShaderLibrary: Display: ShaderCodeLibraryPakFileMountedCallback: PakFile 'C:/Program Files/Epic Games/UE_4.27/FeaturePacks/TP_SideScroller.upack' (chunk index -1, root 'root:/') mounted
[2022.01.22-12.59.56:200][  0]LogShaderLibrary: Display: ShaderCodeLibraryPakFileMountedCallback: pending pak file info (ChunkID:-1 Root:root:/ File:C:/Program Files/Epic Games/UE_4.27/FeaturePacks/TP_SideScroller.upack)
[2022.01.22-12.59.56:200][  0]LogPakFile: OnPakFileMounted2Time == 0.000109
[2022.01.22-12.59.56:201][  0]LogPakFile: PakFile PrimaryIndexSize=190
[2022.01.22-12.59.56:201][  0]LogPakFile: PakFile PathHashIndexSize=101
[2022.01.22-12.59.56:202][  0]LogPakFile: PakFile FullDirectoryIndexSize=154
[2022.01.22-12.59.56:202][  0]LogShaderLibrary: Display: ShaderCodeLibraryPakFileMountedCallback: PakFile 'C:/Program Files/Epic Games/UE_4.27/FeaturePacks/TP_SideScrollerBP.upack' (chunk index -1, root 'root:/') mounted
[2022.01.22-12.59.56:202][  0]LogShaderLibrary: Display: ShaderCodeLibraryPakFileMountedCallback: pending pak file info (ChunkID:-1 Root:root:/ File:C:/Program Files/Epic Games/UE_4.27/FeaturePacks/TP_SideScrollerBP.upack)
[2022.01.22-12.59.56:202][  0]LogPakFile: OnPakFileMounted2Time == 0.000109
[2022.01.22-12.59.56:203][  0]LogPakFile: PakFile PrimaryIndexSize=187
[2022.01.22-12.59.56:203][  0]LogPakFile: PakFile PathHashIndexSize=101
[2022.01.22-12.59.56:203][  0]LogPakFile: PakFile FullDirectoryIndexSize=148
[2022.01.22-12.59.56:203][  0]LogShaderLibrary: Display: ShaderCodeLibraryPakFileMountedCallback: PakFile 'C:/Program Files/Epic Games/UE_4.27/FeaturePacks/TP_ThirdPerson.upack' (chunk index -1, root 'root:/') mounted
[2022.01.22-12.59.56:203][  0]LogShaderLibrary: Display: ShaderCodeLibraryPakFileMountedCallback: pending pak file info (ChunkID:-1 Root:root:/ File:C:/Program Files/Epic Games/UE_4.27/FeaturePacks/TP_ThirdPerson.upack)
[2022.01.22-12.59.56:203][  0]LogPakFile: OnPakFileMounted2Time == 0.000115
[2022.01.22-12.59.56:205][  0]LogPakFile: PakFile PrimaryIndexSize=189
[2022.01.22-12.59.56:205][  0]LogPakFile: PakFile PathHashIndexSize=101
[2022.01.22-12.59.56:205][  0]LogPakFile: PakFile FullDirectoryIndexSize=152
[2022.01.22-12.59.56:205][  0]LogShaderLibrary: Display: ShaderCodeLibraryPakFileMountedCallback: PakFile 'C:/Program Files/Epic Games/UE_4.27/FeaturePacks/TP_ThirdPersonBP.upack' (chunk index -1, root 'root:/') mounted
[2022.01.22-12.59.56:205][  0]LogShaderLibrary: Display: ShaderCodeLibraryPakFileMountedCallback: pending pak file info (ChunkID:-1 Root:root:/ File:C:/Program Files/Epic Games/UE_4.27/FeaturePacks/TP_ThirdPersonBP.upack)
[2022.01.22-12.59.56:205][  0]LogPakFile: OnPakFileMounted2Time == 0.000116
[2022.01.22-12.59.56:206][  0]LogPakFile: PakFile PrimaryIndexSize=183
[2022.01.22-12.59.56:206][  0]LogPakFile: PakFile PathHashIndexSize=101
[2022.01.22-12.59.56:206][  0]LogPakFile: PakFile FullDirectoryIndexSize=140
[2022.01.22-12.59.56:206][  0]LogShaderLibrary: Display: ShaderCodeLibraryPakFileMountedCallback: PakFile 'C:/Program Files/Epic Games/UE_4.27/FeaturePacks/TP_TopDown.upack' (chunk index -1, root 'root:/') mounted
[2022.01.22-12.59.56:206][  0]LogShaderLibrary: Display: ShaderCodeLibraryPakFileMountedCallback: pending pak file info (ChunkID:-1 Root:root:/ File:C:/Program Files/Epic Games/UE_4.27/FeaturePacks/TP_TopDown.upack)
[2022.01.22-12.59.56:206][  0]LogPakFile: OnPakFileMounted2Time == 0.000120
[2022.01.22-12.59.56:207][  0]LogPakFile: PakFile PrimaryIndexSize=185
[2022.01.22-12.59.56:207][  0]LogPakFile: PakFile PathHashIndexSize=101
[2022.01.22-12.59.56:207][  0]LogPakFile: PakFile FullDirectoryIndexSize=144
[2022.01.22-12.59.56:207][  0]LogShaderLibrary: Display: ShaderCodeLibraryPakFileMountedCallback: PakFile 'C:/Program Files/Epic Games/UE_4.27/FeaturePacks/TP_TopDownBP.upack' (chunk index -1, root 'root:/') mounted
[2022.01.22-12.59.56:207][  0]LogShaderLibrary: Display: ShaderCodeLibraryPakFileMountedCallback: pending pak file info (ChunkID:-1 Root:root:/ File:C:/Program Files/Epic Games/UE_4.27/FeaturePacks/TP_TopDownBP.upack)
[2022.01.22-12.59.56:208][  0]LogPakFile: OnPakFileMounted2Time == 0.000115
[2022.01.22-12.59.56:209][  0]LogPakFile: PakFile PrimaryIndexSize=185
[2022.01.22-12.59.56:209][  0]LogPakFile: PakFile PathHashIndexSize=101
[2022.01.22-12.59.56:209][  0]LogPakFile: PakFile FullDirectoryIndexSize=144
[2022.01.22-12.59.56:209][  0]LogShaderLibrary: Display: ShaderCodeLibraryPakFileMountedCallback: PakFile 'C:/Program Files/Epic Games/UE_4.27/FeaturePacks/TP_TwinStick.upack' (chunk index -1, root 'root:/') mounted
[2022.01.22-12.59.56:209][  0]LogShaderLibrary: Display: ShaderCodeLibraryPakFileMountedCallback: pending pak file info (ChunkID:-1 Root:root:/ File:C:/Program Files/Epic Games/UE_4.27/FeaturePacks/TP_TwinStick.upack)
[2022.01.22-12.59.56:209][  0]LogPakFile: OnPakFileMounted2Time == 0.000105
[2022.01.22-12.59.56:210][  0]LogPakFile: PakFile PrimaryIndexSize=187
[2022.01.22-12.59.56:210][  0]LogPakFile: PakFile PathHashIndexSize=101
[2022.01.22-12.59.56:210][  0]LogPakFile: PakFile FullDirectoryIndexSize=148
[2022.01.22-12.59.56:210][  0]LogShaderLibrary: Display: ShaderCodeLibraryPakFileMountedCallback: PakFile 'C:/Program Files/Epic Games/UE_4.27/FeaturePacks/TP_TwinStickBP.upack' (chunk index -1, root 'root:/') mounted
[2022.01.22-12.59.56:210][  0]LogShaderLibrary: Display: ShaderCodeLibraryPakFileMountedCallback: pending pak file info (ChunkID:-1 Root:root:/ File:C:/Program Files/Epic Games/UE_4.27/FeaturePacks/TP_TwinStickBP.upack)
[2022.01.22-12.59.56:210][  0]LogPakFile: OnPakFileMounted2Time == 0.000107
[2022.01.22-12.59.56:212][  0]LogPakFile: PakFile PrimaryIndexSize=183
[2022.01.22-12.59.56:212][  0]LogPakFile: PakFile PathHashIndexSize=101
[2022.01.22-12.59.56:212][  0]LogPakFile: PakFile FullDirectoryIndexSize=140
[2022.01.22-12.59.56:212][  0]LogShaderLibrary: Display: ShaderCodeLibraryPakFileMountedCallback: PakFile 'C:/Program Files/Epic Games/UE_4.27/FeaturePacks/TP_Vehicle.upack' (chunk index -1, root 'root:/') mounted
[2022.01.22-12.59.56:212][  0]LogShaderLibrary: Display: ShaderCodeLibraryPakFileMountedCallback: pending pak file info (ChunkID:-1 Root:root:/ File:C:/Program Files/Epic Games/UE_4.27/FeaturePacks/TP_Vehicle.upack)
[2022.01.22-12.59.56:212][  0]LogPakFile: OnPakFileMounted2Time == 0.000120
[2022.01.22-12.59.56:213][  0]LogPakFile: PakFile PrimaryIndexSize=186
[2022.01.22-12.59.56:213][  0]LogPakFile: PakFile PathHashIndexSize=101
[2022.01.22-12.59.56:213][  0]LogPakFile: PakFile FullDirectoryIndexSize=146
[2022.01.22-12.59.56:213][  0]LogShaderLibrary: Display: ShaderCodeLibraryPakFileMountedCallback: PakFile 'C:/Program Files/Epic Games/UE_4.27/FeaturePacks/TP_VehicleAdv.upack' (chunk index -1, root 'root:/') mounted
[2022.01.22-12.59.56:213][  0]LogShaderLibrary: Display: ShaderCodeLibraryPakFileMountedCallback: pending pak file info (ChunkID:-1 Root:root:/ File:C:/Program Files/Epic Games/UE_4.27/FeaturePacks/TP_VehicleAdv.upack)
[2022.01.22-12.59.56:213][  0]LogPakFile: OnPakFileMounted2Time == 0.000113
[2022.01.22-12.59.56:215][  0]LogPakFile: PakFile PrimaryIndexSize=188
[2022.01.22-12.59.56:215][  0]LogPakFile: PakFile PathHashIndexSize=101
[2022.01.22-12.59.56:215][  0]LogPakFile: PakFile FullDirectoryIndexSize=150
[2022.01.22-12.59.56:215][  0]LogShaderLibrary: Display: ShaderCodeLibraryPakFileMountedCallback: PakFile 'C:/Program Files/Epic Games/UE_4.27/FeaturePacks/TP_VehicleAdvBP.upack' (chunk index -1, root 'root:/') mounted
[2022.01.22-12.59.56:215][  0]LogShaderLibrary: Display: ShaderCodeLibraryPakFileMountedCallback: pending pak file info (ChunkID:-1 Root:root:/ File:C:/Program Files/Epic Games/UE_4.27/FeaturePacks/TP_VehicleAdvBP.upack)
[2022.01.22-12.59.56:215][  0]LogPakFile: OnPakFileMounted2Time == 0.000111
[2022.01.22-12.59.56:216][  0]LogPakFile: PakFile PrimaryIndexSize=185
[2022.01.22-12.59.56:216][  0]LogPakFile: PakFile PathHashIndexSize=101
[2022.01.22-12.59.56:216][  0]LogPakFile: PakFile FullDirectoryIndexSize=144
[2022.01.22-12.59.56:216][  0]LogShaderLibrary: Display: ShaderCodeLibraryPakFileMountedCallback: PakFile 'C:/Program Files/Epic Games/UE_4.27/FeaturePacks/TP_VehicleBP.upack' (chunk index -1, root 'root:/') mounted
[2022.01.22-12.59.56:216][  0]LogShaderLibrary: Display: ShaderCodeLibraryPakFileMountedCallback: pending pak file info (ChunkID:-1 Root:root:/ File:C:/Program Files/Epic Games/UE_4.27/FeaturePacks/TP_VehicleBP.upack)
[2022.01.22-12.59.56:216][  0]LogPakFile: OnPakFileMounted2Time == 0.000112
[2022.01.22-12.59.56:218][  0]LogPakFile: PakFile PrimaryIndexSize=192
[2022.01.22-12.59.56:218][  0]LogPakFile: PakFile PathHashIndexSize=101
[2022.01.22-12.59.56:218][  0]LogPakFile: PakFile FullDirectoryIndexSize=158
[2022.01.22-12.59.56:218][  0]LogShaderLibrary: Display: ShaderCodeLibraryPakFileMountedCallback: PakFile 'C:/Program Files/Epic Games/UE_4.27/FeaturePacks/TP_VirtualRealityBP.upack' (chunk index -1, root 'root:/') mounted
[2022.01.22-12.59.56:218][  0]LogShaderLibrary: Display: ShaderCodeLibraryPakFileMountedCallback: pending pak file info (ChunkID:-1 Root:root:/ File:C:/Program Files/Epic Games/UE_4.27/FeaturePacks/TP_VirtualRealityBP.upack)
[2022.01.22-12.59.56:218][  0]LogPakFile: OnPakFileMounted2Time == 0.000119
[2022.01.22-12.59.56:340][  0]LogNativeClassHierarchy: Verbose: Native class hierarchy updated for 'AddContentDialog' in 0.0002 seconds. Added 0 classes and 0 folders.
[2022.01.22-12.59.56:343][  0]LogNativeClassHierarchy: Verbose: Native class hierarchy updated for 'SceneOutliner' in 0.0002 seconds. Added 2 classes and 0 folders.
[2022.01.22-12.59.56:433][  0]LogSlate: Took 0.000305 seconds to synchronously load lazily loaded font '../../../Engine/Content/Slate/Fonts/Roboto-Regular.ttf' (155K)
[2022.01.22-12.59.56:436][  0]LogSlate: Took 0.000786 seconds to synchronously load lazily loaded font '../../../Engine/Content/Editor/Slate/Fonts/FontAwesome.ttf' (139K)
[2022.01.22-12.59.56:440][  0]LogSlate: Took 0.000287 seconds to synchronously load lazily loaded font '../../../Engine/Content/Slate/Fonts/Roboto-Bold.ttf' (160K)
[2022.01.22-12.59.56:518][  0]LogRenderer: Reallocating scene render targets to support 1528x648 Format 10 NumSamples 1 (Frame:1).
[2022.01.22-12.59.56:608][  0]LogSlate: Took 0.000996 seconds to synchronously load lazily loaded font '../../../Engine/Content/Slate/Fonts/Roboto-Light.ttf' (167K)
[2022.01.22-12.59.56:726][  0]LogNativeClassHierarchy: Verbose: Native class hierarchy updated for 'HierarchicalLODOutliner' in 0.0002 seconds. Added 0 classes and 0 folders.
[2022.01.22-12.59.56:726][  0]LogInput: Warning: Action Jump uses invalid key OculusGo_Left_Trigger_Click.
[2022.01.22-12.59.56:726][  0]LogInput: Warning: Action ResetVR uses invalid key OculusGo_Left_Trackpad_Click.
[2022.01.22-12.59.56:726][  0]LogInput: Warning: Use -RemoveInvalidKeys to remove instances of these keys from the action mapping.
[2022.01.22-12.59.56:726][  0]LogLoad: (Engine Initialization) Total time: 161.00 seconds
[2022.01.22-12.59.56:726][  0]LogLoad: (Engine Initialization) Total Blueprint compile time: 0.00 seconds
[2022.01.22-12.59.56:767][  0]LogAssetRegistry: Asset discovery search completed in 155.6801 seconds
[2022.01.22-12.59.56:773][  0]LogCollectionManager: Fixed up redirectors for 0 collections in 0.000003 seconds (updated 0 objects)
[2022.01.22-12.59.56:774][  0]LogContentStreaming: Texture pool size now 1000 MB
[2022.01.22-12.59.59:665][313]LogEditorViewport: Clicking on Actor (LMB): StaticMeshActor (Floor)
[2022.01.22-13.06.03:238][167]LogAudioMixer: Resetting audio stream to device id 
[2022.01.22-13.06.03:261][167]LogAudioMixer: Display: 0: FrontLeft
[2022.01.22-13.06.03:261][167]LogAudioMixer: Display: 1: FrontRight
[2022.01.22-13.06.09:883][795]LogEditorViewport: Clicking on Actor (LMB): StaticMeshActor (Floor)
